SF:lib\app\entity_list_screen.dart
DA:12,5
DA:25,5
DA:26,5
DA:55,5
DA:57,5
DA:58,15
DA:59,5
DA:62,0
DA:63,0
DA:66,5
DA:68,15
DA:69,10
DA:70,5
DA:73,5
DA:74,10
DA:75,5
DA:76,5
DA:79,25
DA:80,25
DA:81,15
DA:82,10
DA:83,20
DA:85,25
DA:86,5
DA:87,5
DA:88,10
DA:89,0
DA:92,5
DA:93,5
DA:95,6
DA:96,5
DA:97,1
DA:99,6
DA:100,1
DA:101,1
DA:102,5
DA:103,0
DA:106,5
DA:107,10
DA:108,5
DA:109,5
DA:110,5
DA:111,5
DA:112,5
DA:113,15
DA:114,15
DA:115,15
DA:116,10
DA:117,5
DA:118,8
DA:120,5
DA:123,1
DA:124,3
DA:125,4
DA:127,5
DA:128,15
DA:133,2
DA:134,4
DA:135,0
DA:138,6
DA:140,6
DA:141,4
DA:142,11
DA:144,1
DA:145,3
DA:147,1
DA:148,3
DA:149,3
DA:152,2
DA:153,6
DA:158,0
DA:159,0
DA:160,0
DA:161,0
DA:163,0
DA:165,0
DA:169,2
DA:171,8
DA:172,6
DA:173,2
DA:174,4
DA:175,8
DA:177,2
DA:179,4
DA:181,2
DA:185,1
DA:186,7
DA:189,2
DA:190,6
DA:191,6
DA:193,6
DA:194,10
DA:196,1
DA:197,4
DA:198,1
DA:200,1
DA:201,4
DA:205,1
DA:206,1
DA:207,1
DA:208,2
DA:211,2
DA:213,8
DA:214,6
DA:215,2
DA:216,8
DA:219,1
DA:220,1
DA:221,2
DA:222,2
DA:223,1
DA:224,6
DA:226,1
DA:229,1
DA:230,2
DA:231,1
DA:232,5
DA:235,0
DA:236,0
DA:237,0
DA:238,0
DA:239,0
DA:240,0
DA:241,0
DA:244,0
DA:248,0
DA:249,0
DA:253,5
DA:254,5
DA:255,5
DA:258,5
DA:259,5
DA:261,5
DA:264,5
DA:265,5
DA:266,25
DA:267,20
DA:275,0
DA:277,0
DA:280,5
DA:283,1
DA:284,1
DA:285,1
DA:287,1
DA:289,1
DA:290,1
DA:293,5
DA:296,3
DA:303,1
DA:304,1
DA:305,1
DA:307,1
DA:309,1
DA:310,1
DA:313,4
DA:316,1
DA:317,1
DA:319,5
DA:320,4
DA:324,3
DA:331,5
DA:333,6
DA:334,1
DA:336,1
DA:337,6
DA:338,4
DA:342,10
DA:343,5
DA:345,5
DA:346,30
DA:347,10
DA:351,5
DA:352,5
DA:354,0
DA:357,20
DA:358,5
DA:359,15
DA:360,15
DA:361,5
DA:362,15
DA:363,30
DA:364,10
DA:365,5
DA:367,5
DA:368,5
DA:371,5
DA:373,5
DA:374,5
DA:375,5
DA:376,5
DA:377,30
DA:379,5
DA:380,0
DA:381,10
DA:385,10
DA:386,5
DA:387,5
DA:388,10
DA:389,5
DA:390,5
DA:391,5
DA:392,5
DA:393,5
DA:396,1
DA:397,1
DA:398,1
DA:401,5
DA:402,5
DA:403,5
DA:404,10
DA:405,10
DA:407,5
DA:408,20
DA:410,5
DA:411,10
DA:412,10
DA:416,5
DA:417,10
DA:418,5
DA:419,16
DA:421,5
DA:422,1
DA:423,1
DA:424,4
DA:425,3
DA:428,9
DA:429,2
DA:430,8
DA:431,6
DA:433,5
DA:434,6
DA:435,5
DA:437,5
DA:438,7
DA:439,2
DA:440,4
DA:441,4
DA:443,2
DA:444,6
DA:445,4
DA:447,2
DA:448,2
DA:449,4
DA:451,2
DA:452,1
DA:456,4
DA:459,5
DA:460,5
DA:461,0
DA:462,10
DA:464,5
DA:465,0
DA:466,0
DA:467,0
DA:469,5
DA:470,0
DA:471,0
DA:472,0
DA:474,0
DA:475,0
DA:476,0
DA:477,0
DA:478,0
DA:479,0
DA:480,0
DA:481,0
DA:483,0
DA:489,0
DA:491,5
DA:492,0
DA:493,0
DA:494,0
DA:495,0
DA:498,0
DA:502,5
DA:503,0
DA:505,1
DA:506,5
DA:507,5
DA:509,5
DA:510,15
DA:511,5
DA:513,5
DA:514,5
DA:515,5
DA:516,0
DA:517,0
DA:518,0
DA:520,0
DA:521,0
DA:524,15
DA:526,5
DA:528,5
DA:529,5
DA:530,10
DA:533,0
DA:534,0
DA:535,0
DA:537,0
DA:539,0
DA:546,5
DA:549,10
DA:550,5
DA:551,5
DA:552,0
DA:554,5
DA:555,5
DA:557,5
DA:558,10
DA:559,5
DA:560,20
DA:561,20
DA:562,5
DA:563,5
DA:566,5
DA:567,5
DA:568,5
DA:569,2
DA:570,2
DA:571,4
DA:573,4
DA:575,6
DA:579,5
DA:580,25
DA:582,15
DA:583,10
DA:584,10
DA:585,5
DA:586,5
DA:587,5
DA:588,0
DA:589,0
DA:590,0
DA:592,3
DA:594,0
DA:595,5
DA:596,5
DA:597,2
DA:598,2
DA:600,2
DA:602,0
DA:606,5
DA:607,5
DA:608,10
DA:609,5
DA:610,5
DA:612,5
DA:613,15
DA:614,5
DA:615,5
DA:618,5
DA:623,5
LF:352
LH:288
end_of_record
SF:lib\app\entity_record_screen.dart
DA:32,7
DA:52,7
DA:53,7
DA:88,7
DA:90,7
DA:91,21
DA:92,21
DA:93,21
DA:94,28
DA:95,7
DA:96,2
DA:100,14
DA:101,14
DA:105,1
DA:106,3
DA:109,7
DA:111,21
DA:112,21
DA:113,7
DA:115,14
DA:116,14
DA:117,14
DA:118,7
DA:121,7
DA:122,35
DA:123,21
DA:124,7
DA:125,42
DA:126,14
DA:130,0
DA:131,0
DA:134,7
DA:135,7
DA:136,7
DA:137,14
DA:138,14
DA:139,7
DA:140,7
DA:141,9
DA:143,7
DA:146,0
DA:147,0
DA:148,0
DA:149,0
DA:152,0
DA:153,0
DA:154,0
DA:155,0
DA:156,0
DA:157,0
DA:158,0
DA:160,0
DA:161,0
DA:162,0
DA:164,0
DA:165,0
DA:166,0
DA:167,0
DA:168,0
DA:169,0
DA:173,0
DA:174,0
DA:175,0
DA:177,0
DA:178,0
DA:179,0
DA:180,0
DA:181,0
DA:183,0
DA:184,0
DA:185,0
DA:186,0
DA:187,0
DA:188,0
DA:189,0
DA:191,0
DA:194,0
DA:195,0
DA:197,0
DA:198,0
DA:203,7
DA:204,21
DA:205,0
DA:206,0
DA:209,14
DA:210,14
DA:214,3
DA:215,3
DA:216,3
DA:217,2
DA:219,3
DA:220,4
DA:222,3
DA:223,8
DA:224,2
DA:227,0
DA:229,9
DA:232,3
DA:233,3
DA:234,3
DA:235,9
DA:236,6
DA:239,6
DA:243,3
DA:244,6
DA:245,3
DA:246,4
DA:247,0
DA:250,8
DA:251,8
DA:254,6
DA:255,6
DA:258,7
DA:259,4
DA:262,3
DA:267,7
DA:268,14
DA:269,3
DA:271,7
DA:274,7
DA:275,21
DA:276,7
DA:277,14
DA:278,7
DA:279,7
DA:280,7
DA:282,12
DA:287,7
DA:293,21
DA:294,7
DA:295,3
DA:296,7
DA:297,7
DA:299,7
DA:301,7
DA:302,42
DA:303,7
DA:304,7
DA:306,7
DA:309,7
DA:316,6
DA:320,3
DA:321,3
DA:322,3
DA:323,1
DA:324,2
DA:325,2
DA:326,0
DA:329,3
DA:330,1
DA:331,2
DA:332,4
DA:333,1
DA:335,5
DA:337,0
DA:340,3
DA:341,2
DA:342,4
DA:344,2
DA:345,4
DA:346,0
DA:349,3
DA:350,2
DA:352,2
DA:353,4
DA:356,3
DA:357,0
DA:358,0
DA:359,0
DA:362,3
DA:363,6
DA:364,6
DA:365,3
DA:369,0
DA:370,0
DA:371,0
DA:373,0
DA:374,0
DA:377,1
DA:378,5
DA:379,5
DA:380,5
DA:381,2
DA:382,1
DA:383,1
DA:384,2
DA:385,3
DA:386,2
DA:387,0
DA:388,2
DA:389,4
DA:392,2
DA:393,2
DA:394,1
DA:395,1
DA:399,0
DA:400,0
DA:401,0
DA:402,0
DA:403,0
DA:404,0
DA:405,0
DA:406,0
DA:410,0
DA:411,0
DA:412,0
DA:413,0
DA:414,0
DA:416,0
DA:417,0
DA:420,1
DA:421,5
DA:422,2
DA:423,2
DA:425,1
DA:426,1
DA:429,7
DA:430,21
DA:433,7
DA:434,28
DA:437,7
DA:438,7
DA:439,14
DA:440,7
DA:441,7
DA:442,7
DA:446,1
DA:447,2
DA:448,1
DA:449,1
DA:450,2
DA:451,2
DA:452,1
DA:453,3
DA:454,5
DA:458,1
DA:459,2
DA:460,1
DA:461,1
DA:464,2
DA:465,1
DA:466,3
DA:467,2
DA:468,1
DA:469,1
DA:472,1
DA:473,4
DA:474,1
DA:475,2
DA:477,0
DA:478,0
DA:480,1
DA:481,3
DA:486,1
DA:487,3
DA:488,0
DA:489,0
DA:490,0
DA:495,3
DA:496,3
DA:497,2
DA:498,2
DA:499,1
DA:502,0
DA:503,0
DA:504,0
DA:505,0
DA:510,2
DA:511,4
DA:512,4
DA:515,8
DA:517,4
DA:518,6
DA:521,4
DA:522,4
DA:523,8
DA:525,0
DA:526,0
DA:530,2
DA:531,4
DA:535,7
DA:536,42
DA:537,1
DA:538,1
DA:541,1
DA:542,3
DA:543,1
DA:545,1
DA:548,0
DA:549,0
DA:550,0
DA:552,0
DA:555,0
DA:556,0
DA:557,0
DA:559,0
DA:562,1
DA:563,1
DA:564,0
DA:565,0
DA:566,0
DA:570,3
DA:574,3
DA:575,3
DA:576,3
DA:577,1
DA:578,1
DA:579,2
DA:580,1
DA:581,1
DA:584,0
DA:585,0
DA:586,0
DA:587,0
DA:592,7
DA:593,7
DA:594,14
DA:595,7
DA:596,7
DA:597,7
DA:598,14
DA:602,7
DA:603,21
DA:604,1
DA:605,2
DA:606,1
DA:607,1
DA:608,1
DA:611,21
DA:612,1
DA:613,2
DA:614,1
DA:615,1
DA:616,1
DA:622,7
DA:623,7
DA:624,14
DA:625,7
DA:626,7
DA:627,7
DA:631,7
DA:632,7
DA:633,14
DA:634,7
DA:635,7
DA:636,7
DA:640,1
DA:641,2
DA:642,1
DA:643,1
DA:644,2
DA:645,2
DA:646,1
DA:647,3
DA:648,5
DA:652,1
DA:653,2
DA:654,1
DA:655,1
DA:658,2
DA:659,1
DA:660,3
DA:661,2
DA:662,1
DA:663,1
DA:666,1
DA:667,2
DA:669,0
DA:670,0
DA:672,1
DA:673,3
DA:678,1
DA:679,3
DA:680,1
DA:681,2
DA:682,2
DA:690,0
DA:691,0
DA:692,0
DA:696,1
DA:697,2
DA:698,3
DA:699,1
DA:701,2
DA:705,3
DA:706,1
DA:708,2
DA:713,1
DA:714,2
DA:715,1
DA:717,3
DA:721,1
DA:722,2
DA:723,1
DA:725,3
DA:729,1
DA:730,3
DA:733,4
DA:737,3
DA:738,1
DA:739,1
DA:740,1
DA:742,1
DA:744,1
DA:746,1
DA:747,6
DA:749,5
DA:750,5
DA:751,5
DA:758,1
DA:759,3
DA:760,3
DA:761,1
DA:762,1
DA:763,3
DA:764,1
DA:765,1
DA:766,1
DA:773,1
DA:775,4
DA:776,1
DA:777,3
DA:782,7
DA:783,7
DA:784,21
DA:785,4
DA:788,7
DA:789,28
DA:792,4
DA:794,12
DA:795,12
DA:796,12
DA:798,0
DA:799,0
DA:803,7
DA:804,14
DA:805,14
DA:806,7
DA:807,7
DA:808,7
DA:809,7
DA:810,14
DA:811,14
DA:812,14
DA:813,14
DA:814,14
DA:815,7
DA:816,7
DA:817,14
DA:818,7
DA:819,7
DA:820,7
DA:821,7
DA:824,35
DA:825,35
DA:826,35
DA:827,35
DA:828,14
DA:829,35
DA:830,14
DA:831,14
DA:832,7
DA:833,7
DA:834,7
DA:836,7
DA:837,4
DA:839,35
DA:840,21
DA:841,1
DA:843,35
DA:844,7
DA:845,1
DA:848,10
DA:849,8
DA:851,35
DA:852,14
DA:853,7
DA:854,7
DA:860,7
DA:861,21
DA:863,7
DA:868,7
DA:869,14
DA:870,7
DA:873,0
DA:875,0
DA:877,0
DA:879,0
DA:884,7
DA:885,7
DA:886,8
DA:888,7
DA:889,14
DA:891,0
DA:894,7
DA:896,7
DA:897,7
DA:898,7
DA:899,7
DA:900,0
DA:901,0
DA:902,0
DA:905,7
DA:906,7
DA:907,21
DA:908,7
DA:909,7
DA:912,7
DA:918,7
DA:919,7
DA:920,0
DA:921,0
DA:922,0
DA:925,28
DA:926,7
DA:927,7
DA:928,7
DA:929,7
DA:930,7
DA:932,7
DA:933,0
DA:934,0
DA:935,0
DA:936,0
DA:938,0
DA:939,0
DA:942,0
DA:949,7
DA:950,7
DA:951,14
DA:952,14
DA:954,7
DA:955,7
DA:958,7
DA:959,21
DA:960,7
DA:961,21
DA:962,9
DA:963,1
DA:964,1
DA:965,4
DA:967,1
DA:968,3
DA:969,2
DA:972,14
DA:973,1
DA:975,3
DA:976,3
DA:977,1
DA:978,3
DA:979,3
DA:981,1
DA:982,1
DA:983,4
DA:984,3
DA:985,1
DA:986,1
DA:987,4
DA:988,4
DA:991,1
DA:992,1
DA:993,3
DA:994,2
DA:999,7
DA:1001,7
DA:1002,7
DA:1003,7
DA:1005,7
DA:1006,7
DA:1007,7
DA:1008,28
DA:1009,14
DA:1012,14
DA:1013,21
DA:1014,0
DA:1015,0
DA:1016,0
DA:1017,0
DA:1018,0
DA:1019,0
DA:1026,7
DA:1027,5
DA:1030,7
DA:1031,7
DA:1032,7
DA:1033,7
DA:1034,21
DA:1035,7
DA:1036,21
DA:1037,7
DA:1038,3
DA:1039,7
DA:1040,1
DA:1041,2
DA:1042,1
DA:1044,2
DA:1046,7
DA:1047,1
DA:1048,2
DA:1049,1
DA:1051,2
DA:1053,7
DA:1054,1
DA:1055,1
DA:1056,2
DA:1058,7
DA:1059,1
DA:1060,1
DA:1061,2
DA:1063,7
DA:1064,1
DA:1065,1
DA:1066,2
DA:1068,7
DA:1069,4
DA:1070,0
DA:1071,0
DA:1072,0
DA:1073,0
DA:1074,0
DA:1075,0
DA:1076,0
DA:1077,0
DA:1080,8
DA:1084,7
DA:1085,0
DA:1087,0
DA:1089,7
DA:1090,0
DA:1092,0
DA:1094,7
DA:1095,0
DA:1099,7
DA:1100,35
DA:1102,14
DA:1103,14
DA:1105,7
DA:1106,7
DA:1107,7
DA:1108,7
DA:1109,7
DA:1111,14
DA:1117,14
DA:1118,22
DA:1119,8
DA:1121,5
DA:1122,1
DA:1123,0
DA:1124,2
DA:1125,0
DA:1127,0
DA:1130,3
DA:1132,22
DA:1134,5
DA:1135,1
DA:1136,0
DA:1137,2
DA:1138,0
DA:1140,0
DA:1143,2
DA:1144,2
DA:1146,4
DA:1147,4
DA:1151,7
DA:1152,35
DA:1153,14
DA:1154,0
DA:1156,35
DA:1157,14
DA:1158,0
DA:1160,0
DA:1161,0
DA:1163,0
DA:1164,0
DA:1165,0
DA:1167,0
DA:1168,0
DA:1175,35
DA:1176,14
DA:1177,0
DA:1179,0
DA:1180,0
DA:1183,11
DA:1184,20
DA:1185,8
DA:1186,4
DA:1188,8
DA:1191,0
DA:1192,0
DA:1194,0
DA:1195,0
DA:1198,8
DA:1199,0
DA:1200,0
DA:1201,0
DA:1202,0
DA:1204,0
DA:1207,7
DA:1208,7
DA:1209,14
DA:1211,7
DA:1212,7
DA:1213,14
DA:1215,7
DA:1216,0
DA:1217,0
DA:1218,0
DA:1219,0
DA:1220,0
DA:1221,0
DA:1223,0
DA:1224,0
DA:1226,14
DA:1229,4
DA:1230,10
DA:1232,17
DA:1233,6
DA:1234,6
DA:1236,3
DA:1237,3
DA:1238,3
DA:1239,3
DA:1240,3
DA:1242,3
DA:1248,5
DA:1249,3
DA:1250,2
DA:1251,2
DA:1252,4
DA:1255,3
DA:1256,0
DA:1259,3
DA:1260,1
DA:1261,0
DA:1262,0
DA:1263,0
DA:1265,2
DA:1267,3
DA:1268,6
DA:1269,3
DA:1271,3
DA:1272,5
DA:1273,3
DA:1274,0
LF:744
LH:561
end_of_record
SF:lib\app\settings_screen.dart
DA:19,4
DA:30,4
DA:31,4
DA:98,4
DA:100,4
DA:101,4
DA:104,4
DA:106,8
DA:107,8
DA:108,8
DA:109,8
DA:110,8
DA:111,8
DA:112,8
DA:113,8
DA:114,8
DA:115,8
DA:116,8
DA:117,8
DA:118,8
DA:119,8
DA:120,8
DA:121,8
DA:122,8
DA:123,8
DA:124,8
DA:125,8
DA:126,8
DA:127,8
DA:128,8
DA:129,8
DA:130,4
DA:133,4
DA:134,8
DA:135,4
DA:136,4
DA:139,12
DA:140,12
DA:141,9
DA:142,9
DA:143,9
DA:144,9
DA:145,9
DA:147,6
DA:151,3
DA:153,9
DA:155,6
DA:156,6
DA:157,6
DA:158,6
DA:159,3
DA:163,3
DA:164,6
DA:165,3
DA:166,3
DA:167,6
DA:168,3
DA:169,9
DA:170,3
DA:171,3
DA:172,9
DA:173,9
DA:174,3
DA:175,3
DA:176,3
DA:177,3
DA:178,3
DA:179,3
DA:180,6
DA:181,6
DA:182,6
DA:183,6
DA:184,3
DA:187,6
DA:188,12
DA:189,12
DA:190,3
DA:191,6
DA:192,3
DA:195,2
DA:196,4
DA:197,4
DA:198,2
DA:203,3
DA:204,3
DA:205,3
DA:206,3
DA:209,0
DA:210,0
DA:211,0
DA:212,0
DA:215,0
DA:216,0
DA:217,0
DA:219,0
DA:220,0
DA:221,0
DA:222,0
DA:224,0
DA:226,0
DA:227,0
DA:228,0
DA:233,4
DA:234,8
DA:235,8
DA:236,1
DA:241,4
DA:242,8
DA:243,4
DA:244,3
DA:245,5
DA:246,1
DA:251,0
DA:252,0
DA:253,0
DA:254,0
DA:255,0
DA:258,0
DA:259,0
DA:260,0
DA:261,0
DA:262,0
DA:263,0
DA:264,0
DA:267,3
DA:268,9
DA:269,9
DA:270,9
DA:271,9
DA:272,9
DA:273,9
DA:274,12
DA:275,12
DA:276,12
DA:277,12
DA:280,1
DA:281,1
DA:282,3
DA:283,3
DA:284,3
DA:285,3
DA:286,3
DA:287,2
DA:288,2
DA:289,2
DA:290,2
DA:291,2
DA:292,2
DA:293,3
DA:294,2
DA:295,2
DA:296,1
DA:297,2
DA:298,2
DA:300,1
DA:301,2
DA:302,2
DA:304,2
DA:305,2
DA:309,4
DA:310,4
DA:311,8
DA:312,12
DA:316,1
DA:317,2
DA:319,0
DA:320,0
DA:325,1
DA:326,1
DA:330,1
DA:331,1
DA:332,2
DA:333,2
DA:335,1
DA:336,0
DA:337,0
DA:341,1
DA:342,0
DA:343,0
DA:345,0
DA:351,2
DA:352,1
DA:353,1
DA:356,3
DA:357,1
DA:358,2
DA:360,1
DA:361,2
DA:362,4
DA:363,2
DA:366,0
DA:367,0
DA:368,0
DA:371,1
DA:372,3
DA:377,1
DA:378,4
DA:379,3
DA:380,0
DA:381,2
DA:384,1
DA:385,3
DA:386,2
DA:387,4
DA:388,4
DA:389,1
DA:390,4
DA:393,3
DA:394,3
DA:395,3
DA:396,6
DA:397,2
DA:398,2
DA:399,8
DA:400,2
DA:401,2
DA:402,4
DA:404,4
DA:407,1
DA:408,4
DA:409,3
DA:410,2
DA:411,4
DA:412,3
DA:413,1
DA:414,0
DA:416,1
DA:418,1
DA:419,4
DA:422,1
DA:423,4
DA:424,4
DA:425,4
DA:426,4
DA:427,4
DA:428,4
DA:429,4
DA:430,4
DA:431,3
DA:432,1
DA:433,0
DA:435,1
DA:437,7
DA:440,3
DA:441,3
DA:442,3
DA:443,8
DA:445,3
DA:446,3
DA:447,8
DA:448,8
DA:450,3
DA:451,3
DA:452,8
DA:454,3
DA:455,3
DA:456,10
DA:457,6
DA:458,3
DA:461,1
DA:462,3
DA:464,3
DA:465,1
DA:466,2
DA:467,4
DA:470,0
DA:471,0
DA:475,8
DA:477,1
DA:478,2
DA:480,1
DA:481,1
DA:482,1
DA:483,1
DA:484,2
DA:485,1
DA:486,1
DA:489,4
DA:490,4
DA:491,3
DA:492,2
DA:494,1
DA:495,2
DA:496,2
DA:497,2
DA:498,1
DA:499,1
DA:500,1
DA:501,1
DA:502,2
DA:504,2
DA:506,0
DA:507,0
DA:511,4
DA:512,4
DA:513,0
DA:514,0
DA:519,0
DA:520,0
DA:521,0
DA:522,0
DA:523,0
DA:524,0
DA:525,0
DA:526,0
DA:527,0
DA:531,0
DA:532,0
DA:533,0
DA:534,0
DA:535,0
DA:536,0
DA:537,0
DA:538,0
DA:539,0
DA:543,0
DA:545,0
DA:547,0
DA:548,0
DA:549,0
DA:550,0
DA:551,0
DA:554,0
DA:555,0
DA:556,0
DA:557,0
DA:558,0
DA:561,0
DA:562,0
DA:563,0
DA:565,0
DA:566,0
DA:570,0
DA:571,0
DA:573,0
DA:574,0
DA:575,0
DA:576,0
DA:577,0
DA:578,0
DA:582,8
DA:583,4
DA:585,4
DA:586,4
DA:588,4
DA:590,4
DA:591,4
DA:593,4
DA:595,4
DA:596,4
DA:600,4
DA:601,5
DA:603,4
DA:604,8
DA:605,4
DA:606,4
DA:607,4
DA:608,4
DA:609,4
DA:610,8
DA:611,16
DA:612,4
DA:615,4
DA:619,4
DA:620,8
DA:621,4
DA:622,12
DA:623,4
DA:625,4
DA:626,4
DA:628,20
DA:630,4
DA:632,20
DA:639,8
DA:640,4
DA:642,4
DA:643,4
DA:645,4
DA:647,4
DA:648,4
DA:650,4
DA:652,4
DA:653,4
DA:655,4
DA:657,4
DA:658,4
DA:662,4
DA:664,4
DA:665,4
DA:666,4
DA:667,4
DA:670,4
DA:676,4
DA:678,4
DA:679,4
DA:681,4
DA:682,4
DA:684,8
DA:687,4
DA:688,4
DA:690,4
DA:691,8
DA:692,0
DA:693,1
DA:694,2
DA:695,1
DA:696,4
DA:697,3
DA:698,4
DA:699,0
DA:708,8
DA:709,8
DA:710,0
DA:711,0
DA:712,0
DA:713,0
DA:714,0
DA:715,0
DA:716,0
DA:717,0
DA:718,0
DA:719,0
DA:720,0
DA:723,0
DA:724,0
DA:725,0
DA:728,0
DA:729,0
DA:730,0
DA:731,0
DA:732,0
DA:736,0
DA:737,0
DA:738,0
DA:739,0
DA:743,0
DA:744,0
DA:745,0
DA:746,0
DA:750,0
DA:751,0
DA:752,0
DA:753,0
DA:761,4
DA:762,8
DA:763,4
DA:764,20
DA:765,20
DA:766,16
DA:767,8
DA:768,1
DA:770,1
DA:771,6
DA:773,4
DA:774,8
DA:775,12
DA:777,4
DA:779,4
DA:781,4
DA:782,8
DA:785,8
DA:786,4
DA:787,4
DA:788,4
DA:789,0
DA:791,4
DA:792,4
DA:793,4
DA:794,4
DA:796,4
DA:797,4
DA:799,12
DA:800,12
DA:801,12
DA:803,0
DA:805,4
DA:806,4
DA:807,4
DA:808,12
DA:809,12
DA:810,12
DA:811,12
DA:813,0
DA:815,4
DA:816,4
DA:817,4
DA:818,12
DA:819,12
DA:820,12
DA:821,12
DA:822,12
DA:823,12
DA:825,0
DA:827,4
DA:828,4
DA:829,4
DA:830,12
DA:831,12
DA:832,12
DA:833,12
DA:835,0
DA:837,4
DA:838,4
DA:839,4
DA:840,12
DA:841,12
DA:843,0
DA:845,4
DA:846,4
DA:847,4
DA:848,4
DA:850,4
DA:851,4
DA:854,0
DA:856,4
DA:857,4
DA:858,8
DA:859,4
DA:860,4
DA:861,12
DA:865,1
DA:866,2
DA:867,1
DA:868,3
DA:869,1
DA:871,1
DA:872,1
DA:873,3
DA:874,1
DA:875,1
DA:879,4
DA:880,1
DA:881,1
DA:882,0
DA:884,0
DA:889,1
DA:890,1
DA:891,1
DA:892,1
DA:893,1
DA:898,1
DA:899,1
DA:900,1
DA:902,1
DA:903,1
DA:904,1
DA:905,1
DA:910,2
DA:911,2
DA:912,1
DA:913,1
DA:914,3
DA:921,4
DA:922,8
DA:923,4
DA:924,8
DA:925,8
DA:926,4
DA:927,4
DA:928,12
DA:929,4
DA:931,4
DA:932,4
DA:933,4
DA:934,4
DA:935,4
DA:940,4
DA:941,4
DA:942,4
DA:943,4
DA:948,4
DA:949,4
DA:950,4
DA:951,4
DA:956,4
DA:957,4
DA:958,4
DA:959,4
DA:964,4
DA:965,4
DA:967,4
DA:968,4
DA:969,4
DA:970,1
DA:975,5
DA:976,2
DA:977,1
DA:978,1
DA:979,3
DA:982,4
DA:983,4
DA:984,4
DA:985,8
DA:987,9
DA:988,2
DA:989,5
DA:991,8
DA:992,4
DA:993,4
DA:994,12
DA:1002,4
DA:1003,4
DA:1004,4
DA:1005,12
DA:1007,0
DA:1009,4
DA:1010,4
DA:1011,4
DA:1012,12
DA:1013,12
DA:1015,0
DA:1017,4
DA:1018,8
DA:1019,4
DA:1020,8
DA:1021,4
DA:1022,4
DA:1023,12
DA:1024,4
DA:1026,4
DA:1027,4
DA:1028,4
DA:1029,13
DA:1031,4
DA:1032,4
DA:1033,13
DA:1035,4
DA:1036,4
DA:1037,4
DA:1038,1
DA:1039,4
DA:1041,5
DA:1042,2
DA:1043,2
DA:1045,7
DA:1046,6
DA:1047,3
DA:1048,9
DA:1049,3
DA:1050,3
DA:1054,3
DA:1055,6
DA:1057,6
DA:1060,3
DA:1061,0
DA:1063,0
DA:1066,6
DA:1067,3
DA:1068,3
DA:1069,3
DA:1070,3
DA:1074,6
DA:1075,3
DA:1076,3
DA:1077,6
DA:1080,2
DA:1081,2
DA:1082,6
DA:1084,9
DA:1085,2
DA:1086,5
DA:1088,8
DA:1089,0
DA:1090,0
DA:1092,8
DA:1093,4
DA:1094,4
DA:1095,12
DA:1103,4
DA:1104,8
DA:1105,4
DA:1106,8
DA:1107,8
DA:1108,4
DA:1109,4
DA:1110,12
DA:1111,12
DA:1116,4
DA:1117,8
DA:1118,4
DA:1119,8
DA:1120,4
DA:1121,4
DA:1122,12
DA:1123,4
DA:1125,4
DA:1126,4
DA:1127,4
DA:1128,16
DA:1130,4
DA:1131,4
DA:1132,8
DA:1133,4
DA:1134,0
DA:1136,4
DA:1137,4
DA:1138,4
DA:1140,4
DA:1141,4
DA:1142,12
DA:1144,8
DA:1145,4
DA:1146,4
DA:1147,12
DA:1155,4
DA:1156,8
DA:1157,4
DA:1158,8
DA:1159,8
DA:1160,4
DA:1161,4
DA:1162,12
DA:1163,4
DA:1165,4
DA:1166,4
DA:1168,4
DA:1169,4
DA:1173,8
DA:1174,4
DA:1175,4
DA:1176,8
DA:1178,4
DA:1179,4
DA:1180,16
DA:1182,4
DA:1183,4
DA:1184,8
DA:1185,4
DA:1186,0
DA:1188,4
DA:1189,4
DA:1190,12
DA:1192,8
DA:1193,4
DA:1194,4
DA:1195,12
DA:1203,4
DA:1204,8
DA:1205,4
DA:1206,8
DA:1207,8
DA:1208,4
DA:1209,4
DA:1210,12
DA:1211,4
DA:1213,4
DA:1214,4
DA:1215,4
DA:1216,4
DA:1217,4
DA:1221,8
DA:1222,4
DA:1223,4
DA:1224,4
DA:1225,4
DA:1229,8
DA:1230,4
DA:1231,4
DA:1232,4
DA:1233,4
DA:1237,8
DA:1238,4
DA:1239,4
DA:1241,4
DA:1242,4
DA:1246,8
DA:1247,4
DA:1248,4
DA:1250,4
DA:1251,4
DA:1255,8
DA:1256,4
DA:1257,4
DA:1258,4
DA:1259,4
DA:1262,0
DA:1264,8
DA:1265,4
DA:1266,8
DA:1267,4
DA:1268,0
DA:1271,0
DA:1274,8
DA:1276,9
DA:1277,2
DA:1278,1
DA:1279,1
DA:1280,3
DA:1283,9
DA:1284,2
DA:1285,1
DA:1287,1
DA:1288,1
DA:1289,1
DA:1290,1
DA:1296,2
DA:1297,1
DA:1298,3
DA:1304,8
DA:1305,4
DA:1306,4
DA:1307,12
DA:1309,8
DA:1310,4
DA:1312,4
DA:1314,4
DA:1315,4
DA:1319,8
DA:1320,4
DA:1321,4
DA:1323,4
DA:1324,4
DA:1328,8
DA:1329,4
DA:1330,4
DA:1332,4
DA:1333,4
DA:1337,8
DA:1338,4
DA:1339,4
DA:1341,4
DA:1342,4
DA:1352,4
DA:1353,8
DA:1354,4
DA:1355,8
DA:1356,4
DA:1357,4
DA:1358,12
DA:1359,4
DA:1360,4
DA:1361,4
DA:1362,4
DA:1365,4
DA:1366,4
DA:1375,20
DA:1376,8
DA:1377,4
DA:1378,8
DA:1379,4
DA:1381,4
DA:1384,4
DA:1385,0
DA:1386,0
DA:1387,0
DA:1388,0
DA:1392,4
DA:1393,4
DA:1394,16
DA:1395,12
DA:1397,12
DA:1398,2
DA:1400,3
DA:1401,5
LF:854
LH:708
end_of_record
SF:lib\api\emcap_client.dart
DA:6,1
DA:11,1
DA:12,1
DA:13,2
DA:14,2
DA:20,29
DA:21,27
DA:29,2
DA:30,2
DA:33,1
DA:34,1
DA:37,4
DA:38,4
DA:39,4
DA:42,6
DA:43,6
DA:45,6
DA:47,6
DA:48,9
DA:53,5
DA:59,15
DA:60,5
DA:62,1
DA:64,5
DA:65,10
DA:66,8
DA:67,10
DA:68,10
DA:69,10
DA:70,7
DA:71,1
DA:72,2
DA:74,9
DA:76,9
DA:77,1
DA:79,3
DA:82,1
DA:83,2
DA:89,1
DA:90,1
DA:91,2
DA:94,1
DA:95,2
DA:98,1
DA:99,2
DA:102,1
DA:103,3
DA:104,2
DA:105,2
DA:108,2
DA:109,2
DA:112,6
DA:114,1
DA:115,1
DA:116,2
DA:119,1
DA:120,2
DA:127,1
DA:132,3
DA:138,1
DA:139,2
DA:140,2
DA:143,1
DA:144,2
DA:147,2
DA:148,4
DA:151,1
DA:152,1
DA:155,1
DA:156,2
DA:159,1
DA:160,2
DA:163,1
DA:164,2
DA:167,1
DA:171,2
DA:174,2
DA:175,4
DA:178,1
DA:184,1
DA:186,1
DA:188,2
DA:192,1
DA:193,2
DA:196,2
DA:197,4
DA:200,2
DA:201,4
DA:204,1
DA:205,2
DA:206,2
DA:209,1
DA:214,1
DA:216,1
DA:217,1
DA:221,1
DA:222,2
DA:223,2
DA:224,2
DA:227,1
DA:228,2
DA:231,1
DA:232,1
DA:235,1
DA:239,2
DA:245,2
DA:246,4
DA:249,2
DA:250,4
DA:251,4
DA:254,2
DA:255,6
DA:256,4
DA:259,1
DA:260,1
DA:261,2
DA:264,1
DA:265,2
DA:268,1
DA:273,1
DA:275,1
DA:276,1
DA:280,1
DA:281,1
DA:283,1
DA:284,1
DA:288,2
DA:294,4
DA:302,1
DA:303,2
DA:304,2
DA:307,1
DA:308,1
DA:309,2
DA:312,1
DA:318,2
DA:326,1
DA:327,1
DA:328,2
DA:331,1
DA:332,1
DA:333,2
DA:336,1
DA:337,1
DA:338,2
DA:341,1
DA:342,1
DA:345,1
DA:346,1
DA:349,1
DA:350,1
DA:353,1
DA:354,2
DA:360,1
DA:364,2
DA:370,1
DA:374,2
DA:380,1
DA:385,2
DA:392,1
DA:397,2
DA:404,1
DA:408,2
DA:414,1
DA:415,1
DA:418,1
DA:419,2
DA:425,2
DA:426,4
DA:428,1
DA:432,1
DA:433,1
DA:434,2
DA:437,2
DA:438,6
DA:439,6
DA:440,4
DA:441,4
DA:443,1
DA:446,1
DA:447,2
DA:450,1
DA:451,1
DA:452,2
DA:455,1
DA:456,2
DA:459,1
DA:465,2
DA:473,2
DA:480,6
DA:481,1
DA:482,2
DA:483,1
DA:484,2
DA:488,1
DA:489,2
DA:492,1
DA:493,1
DA:494,2
DA:497,1
DA:502,2
DA:509,2
DA:514,6
DA:515,1
DA:516,1
DA:520,1
DA:521,1
DA:524,1
DA:525,2
DA:528,2
DA:529,2
DA:532,1
DA:535,2
DA:538,1
DA:542,1
DA:545,1
DA:549,1
DA:550,1
DA:553,1
DA:556,2
DA:559,1
DA:560,1
DA:563,1
DA:564,1
DA:567,1
DA:568,1
DA:569,2
DA:572,1
DA:575,2
DA:576,2
DA:579,1
DA:584,2
DA:591,1
DA:592,2
DA:595,1
DA:599,2
DA:602,1
DA:603,2
DA:606,1
DA:607,1
DA:610,1
DA:614,2
DA:620,1
DA:621,1
DA:622,2
DA:625,1
DA:631,2
DA:639,3
DA:645,9
DA:646,2
DA:647,2
DA:648,2
DA:652,1
DA:653,2
DA:656,1
DA:657,1
DA:658,2
DA:661,2
DA:662,6
DA:663,8
DA:664,8
DA:665,10
DA:666,2
DA:667,2
DA:674,3
DA:675,3
LF:266
LH:266
end_of_record
SF:lib\services\i18n_service.dart
DA:10,0
DA:12,87
DA:14,28
DA:15,56
DA:16,84
DA:17,28
DA:18,168
DA:20,56
DA:21,84
DA:23,84
DA:28,29
DA:29,56
DA:30,115
DA:31,6
DA:35,12
DA:36,24
DA:41,2
DA:47,2
DA:48,2
DA:49,2
DA:50,6
DA:51,4
DA:54,4
DA:58,0
DA:61,81
DA:69,27
DA:70,54
DA:71,81
DA:72,81
DA:74,0
DA:77,2
DA:79,8
DA:82,6
DA:83,6
DA:84,6
DA:85,12
DA:86,18
DA:88,0
DA:89,0
DA:93,0
DA:96,6
DA:97,18
DA:98,12
DA:99,7
DA:100,6
DA:103,6
DA:104,6
DA:105,12
DA:106,4
DA:109,5
DA:110,10
DA:113,54
LF:52
LH:46
end_of_record
SF:lib\theme.dart
DA:8,0
DA:9,6
DA:10,6
DA:12,1
DA:14,3
DA:15,3
DA:18,2
DA:19,4
DA:20,1
DA:23,2
DA:24,4
DA:25,2
DA:26,2
DA:29,2
DA:30,4
DA:31,4
DA:32,1
DA:35,23
DA:40,23
DA:41,23
DA:44,23
DA:45,23
DA:46,23
DA:47,23
DA:49,23
DA:53,23
DA:54,23
DA:55,23
DA:56,23
DA:57,23
DA:58,23
DA:59,46
DA:60,46
DA:63,23
DA:64,69
DA:65,69
DA:66,69
DA:67,69
DA:68,69
LF:39
LH:38
end_of_record
SF:lib\widgets\settings_toggle_group.dart
DA:4,5
DA:12,5
DA:23,5
DA:25,5
DA:27,5
DA:28,10
DA:29,5
DA:30,5
DA:31,10
DA:32,10
DA:33,5
DA:34,4
DA:37,5
LF:13
LH:13
end_of_record
SF:lib\app\admin_permissions_screen.dart
DA:8,2
DA:12,2
DA:13,2
DA:21,2
DA:23,2
DA:24,2
DA:27,2
DA:28,4
DA:29,2
DA:30,2
DA:33,6
DA:34,2
DA:35,4
DA:36,2
DA:37,2
DA:40,0
DA:41,0
DA:42,0
DA:43,0
DA:48,2
DA:50,2
DA:53,2
DA:54,0
DA:55,0
DA:57,0
DA:58,0
DA:59,0
DA:65,4
DA:66,2
DA:68,2
DA:69,2
DA:70,8
DA:71,6
DA:74,2
DA:75,4
DA:77,2
DA:78,4
DA:79,2
DA:80,8
DA:82,2
DA:83,2
DA:84,4
DA:86,2
DA:89,2
LF:44
LH:35
end_of_record
SF:lib\utils\permission_util.dart
DA:2,4
DA:9,4
DA:10,6
DA:13,2
DA:14,4
DA:17,4
DA:18,4
DA:19,8
DA:20,4
DA:21,16
DA:23,20
DA:25,4
DA:26,8
DA:27,4
DA:28,8
DA:29,12
DA:32,4
DA:35,2
DA:36,4
DA:39,2
DA:40,4
DA:43,2
DA:46,4
DA:47,2
DA:48,3
DA:49,1
DA:57,2
DA:58,8
DA:60,2
DA:62,1
DA:64,4
DA:67,2
DA:68,2
DA:70,10
DA:71,2
DA:73,6
DA:75,1
DA:78,3
DA:79,3
DA:82,6
DA:85,4
DA:86,4
DA:90,2
DA:91,14
DA:92,2
LF:45
LH:45
end_of_record
SF:lib\app\admin_roles_screen.dart
DA:10,2
DA:14,2
DA:15,2
DA:32,2
DA:34,2
DA:35,2
DA:38,2
DA:40,4
DA:41,4
DA:42,2
DA:45,2
DA:46,4
DA:47,2
DA:48,2
DA:51,6
DA:52,6
DA:53,2
DA:54,4
DA:55,2
DA:56,2
DA:57,2
DA:60,0
DA:61,0
DA:62,0
DA:63,0
DA:68,2
DA:69,2
DA:70,0
DA:71,0
DA:76,0
DA:77,0
DA:78,0
DA:79,0
DA:80,0
DA:81,0
DA:82,0
DA:83,0
DA:87,0
DA:88,0
DA:89,0
DA:90,0
DA:91,0
DA:92,0
DA:93,0
DA:94,0
DA:98,0
DA:99,0
DA:101,0
DA:102,0
DA:103,0
DA:104,0
DA:105,0
DA:108,0
DA:109,0
DA:110,0
DA:111,0
DA:114,0
DA:115,0
DA:116,0
DA:117,0
DA:118,0
DA:121,0
DA:122,0
DA:124,0
DA:128,2
DA:129,4
DA:130,4
DA:133,2
DA:135,2
DA:139,2
DA:141,2
DA:142,2
DA:144,2
DA:145,2
DA:147,4
DA:150,2
DA:152,0
DA:154,2
DA:155,2
DA:156,2
DA:158,2
DA:159,4
DA:160,0
DA:161,2
DA:162,4
DA:163,4
DA:164,2
DA:165,4
DA:166,6
DA:167,8
DA:168,0
DA:177,2
DA:178,2
DA:179,4
DA:180,0
DA:182,0
DA:183,0
DA:184,0
DA:185,0
DA:186,0
DA:188,0
DA:189,0
DA:190,0
DA:193,0
DA:194,0
DA:195,0
DA:197,0
DA:203,0
DA:204,0
DA:205,0
DA:206,0
DA:210,0
DA:211,0
DA:212,0
DA:213,0
DA:217,0
DA:218,0
DA:219,0
DA:220,0
DA:221,0
DA:222,0
DA:227,2
DA:230,2
DA:231,0
DA:232,0
DA:233,0
DA:234,0
LF:127
LH:52
end_of_record
SF:lib\widgets\detail_placeholder.dart
DA:4,5
DA:8,2
DA:10,2
DA:11,2
DA:13,2
DA:14,2
DA:16,8
DA:17,6
LF:8
LH:8
end_of_record
SF:lib\widgets\master_detail_layout.dart
DA:6,5
DA:19,4
DA:21,4
DA:22,4
DA:23,8
DA:25,2
DA:27,2
DA:28,4
DA:30,2
DA:32,2
DA:34,2
DA:40,2
DA:41,0
DA:43,0
DA:44,0
DA:45,0
DA:47,0
DA:48,0
DA:50,0
DA:53,0
DA:57,2
LF:21
LH:13
end_of_record
SF:lib\widgets\permission_picker.dart
DA:7,1
DA:18,1
DA:20,2
DA:21,1
DA:23,2
DA:24,1
DA:26,1
DA:27,2
DA:28,1
DA:29,4
DA:31,1
DA:32,1
DA:33,1
DA:34,1
DA:35,2
DA:36,2
DA:38,4
DA:39,1
DA:40,6
DA:43,2
DA:44,2
DA:45,1
DA:46,2
DA:47,1
DA:48,4
DA:55,1
LF:26
LH:26
end_of_record
SF:lib\app\admin_security_screen.dart
DA:10,2
DA:14,2
DA:15,2
DA:29,2
DA:31,2
DA:32,2
DA:35,2
DA:36,4
DA:37,2
DA:38,2
DA:41,6
DA:42,6
DA:43,6
DA:46,6
DA:47,2
DA:48,2
DA:49,0
DA:50,0
DA:54,2
DA:55,4
DA:56,4
DA:57,2
DA:58,6
DA:59,2
DA:60,2
DA:61,2
DA:62,12
DA:63,2
DA:66,0
DA:67,0
DA:68,0
DA:69,0
DA:74,0
DA:75,0
DA:76,0
DA:77,0
DA:78,0
DA:79,0
DA:80,0
DA:81,0
DA:82,0
DA:83,0
DA:84,0
DA:85,0
DA:86,0
DA:88,0
DA:89,0
DA:91,0
DA:93,0
DA:95,0
DA:97,0
DA:99,0
DA:101,0
DA:103,0
DA:105,0
DA:107,0
DA:112,0
DA:113,0
DA:114,0
DA:118,0
DA:119,0
DA:120,0
DA:121,0
DA:122,0
DA:123,0
DA:126,0
DA:127,0
DA:128,0
DA:129,0
DA:130,0
DA:131,0
DA:133,0
DA:134,0
DA:135,0
DA:136,0
DA:137,0
DA:138,0
DA:141,0
DA:142,0
DA:145,0
DA:146,0
DA:147,0
DA:148,0
DA:149,0
DA:150,0
DA:151,0
DA:154,0
DA:155,0
DA:156,0
DA:157,0
DA:158,0
DA:159,0
DA:160,0
DA:161,0
DA:162,0
DA:163,0
DA:164,0
DA:165,0
DA:167,0
DA:175,0
DA:176,0
DA:177,0
DA:182,0
DA:186,0
DA:187,0
DA:189,0
DA:191,0
DA:192,0
DA:193,0
DA:194,0
DA:195,0
DA:198,0
DA:199,0
DA:200,0
DA:205,0
DA:206,0
DA:208,0
DA:209,0
DA:210,0
DA:211,0
DA:212,0
DA:215,0
DA:216,0
DA:220,2
DA:221,2
DA:222,4
DA:223,6
DA:228,0
DA:229,0
DA:230,0
DA:231,0
DA:234,2
DA:236,2
DA:239,2
DA:240,0
DA:243,2
DA:244,2
DA:245,4
DA:246,2
DA:247,4
DA:248,4
DA:249,2
DA:250,2
DA:251,6
DA:252,4
DA:253,0
DA:259,0
DA:260,2
DA:262,2
DA:263,10
DA:265,8
DA:266,8
DA:268,2
DA:269,2
DA:270,2
DA:271,6
DA:272,6
DA:273,6
DA:275,2
DA:276,6
DA:277,0
DA:278,0
DA:279,0
DA:280,0
DA:281,0
DA:284,0
DA:285,0
DA:286,0
DA:287,0
DA:293,4
DA:295,0
DA:296,0
DA:297,0
DA:302,2
DA:304,2
DA:305,2
DA:307,2
DA:309,2
DA:310,10
DA:311,4
DA:315,2
DA:317,2
DA:323,2
DA:325,2
DA:327,2
DA:328,10
DA:329,10
DA:330,2
DA:331,2
DA:333,2
DA:334,2
DA:335,2
DA:336,6
DA:337,6
DA:338,6
DA:340,10
DA:341,2
DA:342,2
DA:343,2
DA:344,0
DA:345,2
DA:346,8
DA:347,8
DA:348,8
DA:351,2
DA:355,2
DA:356,2
DA:357,2
DA:358,0
DA:359,0
DA:360,0
DA:361,0
DA:362,0
DA:372,4
DA:374,8
LF:215
LH:93
end_of_record
SF:lib\utils\shell_nav_util.dart
DA:2,3
DA:18,2
DA:19,2
DA:20,4
DA:21,4
DA:22,4
DA:23,4
DA:24,2
DA:25,2
DA:31,2
DA:39,3
DA:48,5
DA:49,8
DA:52,6
DA:53,3
DA:54,6
DA:55,2
DA:63,3
DA:64,7
DA:65,2
DA:67,3
DA:70,2
DA:71,2
DA:72,2
DA:75,1
DA:76,1
DA:77,2
DA:82,2
DA:87,4
DA:88,4
DA:91,4
DA:92,2
DA:95,2
DA:96,2
DA:97,4
DA:98,10
DA:100,10
DA:102,2
DA:103,4
DA:104,2
DA:105,4
DA:106,6
DA:109,2
DA:112,3
DA:113,3
DA:117,3
DA:118,3
DA:119,21
DA:120,3
DA:123,3
DA:127,3
DA:128,3
DA:131,8
DA:133,3
DA:134,3
DA:135,3
DA:138,7
DA:140,3
DA:141,3
DA:144,8
DA:147,3
DA:148,2
DA:149,2
DA:150,6
DA:151,6
DA:152,6
DA:154,5
DA:155,4
DA:157,5
DA:158,4
DA:160,12
DA:163,3
DA:164,3
DA:165,3
DA:166,12
DA:168,1
DA:171,2
DA:172,2
DA:173,2
DA:180,1
DA:192,2
DA:194,2
DA:200,4
DA:203,2
DA:204,2
DA:206,4
DA:207,6
DA:208,2
DA:209,4
DA:211,8
DA:216,1
DA:217,1
DA:218,1
DA:219,3
LF:94
LH:94
end_of_record
SF:lib\app\admin_users_screen.dart
DA:10,2
DA:14,2
DA:15,2
DA:34,2
DA:36,2
DA:37,2
DA:40,2
DA:42,4
DA:43,4
DA:44,4
DA:45,2
DA:48,2
DA:49,4
DA:50,2
DA:51,2
DA:54,6
DA:55,6
DA:56,2
DA:57,4
DA:58,2
DA:59,2
DA:60,2
DA:63,0
DA:64,0
DA:65,0
DA:66,0
DA:71,2
DA:72,2
DA:73,0
DA:74,0
DA:79,0
DA:80,0
DA:81,0
DA:82,0
DA:83,0
DA:84,0
DA:85,0
DA:86,0
DA:87,0
DA:88,0
DA:89,0
DA:91,0
DA:92,0
DA:96,1
DA:97,2
DA:98,1
DA:99,1
DA:100,2
DA:101,2
DA:102,2
DA:103,1
DA:104,1
DA:105,1
DA:106,1
DA:107,1
DA:111,0
DA:112,0
DA:114,0
DA:115,0
DA:116,0
DA:117,0
DA:118,0
DA:119,0
DA:121,0
DA:124,0
DA:125,0
DA:126,0
DA:127,0
DA:131,0
DA:132,0
DA:133,0
DA:134,0
DA:135,0
DA:138,0
DA:139,0
DA:141,0
DA:145,0
DA:146,0
DA:148,0
DA:149,0
DA:150,0
DA:151,0
DA:152,0
DA:153,0
DA:157,2
DA:159,2
DA:163,2
DA:165,2
DA:166,2
DA:168,2
DA:169,2
DA:171,4
DA:174,2
DA:176,0
DA:178,2
DA:179,2
DA:180,2
DA:182,2
DA:183,4
DA:184,0
DA:185,2
DA:186,4
DA:187,4
DA:188,6
DA:189,2
DA:190,4
DA:191,6
DA:192,8
DA:193,4
DA:194,0
DA:203,2
DA:204,2
DA:205,4
DA:206,1
DA:208,1
DA:209,1
DA:210,1
DA:211,1
DA:212,1
DA:214,0
DA:215,1
DA:216,3
DA:219,0
DA:220,0
DA:221,0
DA:222,0
DA:224,1
DA:225,2
DA:226,1
DA:228,2
DA:234,1
DA:235,1
DA:236,1
DA:237,1
DA:241,1
DA:242,1
DA:244,1
DA:246,0
DA:247,1
DA:251,1
DA:252,1
DA:253,1
DA:254,1
DA:258,1
DA:259,2
DA:260,1
DA:261,0
DA:263,5
DA:264,2
DA:265,2
DA:266,3
DA:267,3
DA:268,4
DA:269,0
DA:270,0
DA:271,0
DA:272,0
DA:273,0
DA:275,0
DA:284,2
DA:287,2
DA:288,0
DA:289,0
DA:290,0
DA:291,0
LF:165
LH:97
end_of_record
SF:lib\app\assistant_screen.dart
DA:7,3
DA:12,3
DA:13,3
DA:21,3
DA:23,6
DA:24,3
DA:27,3
DA:29,3
DA:30,9
DA:31,3
DA:33,6
DA:34,3
DA:36,3
DA:37,3
DA:38,3
DA:39,6
DA:42,9
DA:43,3
DA:44,3
DA:45,3
DA:46,3
DA:47,2
DA:48,4
DA:49,2
DA:50,2
DA:53,10
DA:54,10
DA:56,4
DA:59,6
DA:63,3
DA:64,3
DA:65,1
DA:66,2
DA:67,1
DA:68,1
DA:71,5
DA:72,5
DA:74,0
DA:77,6
DA:82,11
DA:85,3
LF:41
LH:40
end_of_record
SF:lib\app\dashboard_screen.dart
DA:7,3
DA:11,3
DA:12,3
DA:18,3
DA:20,3
DA:21,12
DA:24,3
DA:26,3
DA:27,9
DA:28,3
DA:29,3
DA:30,3
DA:31,3
DA:32,1
DA:33,4
DA:36,3
DA:39,3
DA:40,3
DA:41,3
DA:43,3
DA:45,3
DA:46,3
DA:47,3
DA:48,6
DA:49,3
DA:50,3
DA:52,3
DA:54,3
DA:55,3
DA:56,6
DA:57,9
DA:60,3
DA:61,6
DA:63,10
DA:64,12
LF:35
LH:35
end_of_record
SF:lib\app\notification_screen.dart
DA:7,3
DA:11,3
DA:12,3
DA:24,3
DA:26,3
DA:27,12
DA:28,3
DA:31,3
DA:33,9
DA:34,5
DA:35,3
DA:36,6
DA:37,5
DA:38,3
DA:39,6
DA:40,2
DA:41,1
DA:42,2
DA:47,3
DA:49,6
DA:50,6
DA:51,6
DA:52,3
DA:55,1
DA:56,3
DA:58,3
DA:59,1
DA:60,2
DA:61,2
DA:62,2
DA:64,6
DA:66,4
DA:70,3
DA:72,3
DA:73,9
DA:74,3
DA:76,3
DA:77,3
DA:78,3
DA:79,6
DA:80,18
DA:81,0
DA:82,0
DA:85,3
DA:86,3
DA:87,6
DA:89,3
DA:90,3
DA:91,6
DA:93,3
DA:94,3
DA:95,6
DA:98,9
DA:99,12
DA:100,3
DA:101,3
DA:102,3
DA:103,3
DA:104,3
DA:105,3
DA:106,5
DA:107,3
DA:110,9
DA:111,9
DA:112,9
DA:114,3
LF:66
LH:64
end_of_record
SF:lib\app\report_screen.dart
DA:7,3
DA:11,3
DA:12,3
DA:21,3
DA:23,3
DA:24,12
DA:27,3
DA:28,3
DA:29,2
DA:30,3
DA:32,1
DA:35,2
DA:36,4
DA:37,2
DA:38,8
DA:40,10
DA:41,2
DA:42,6
DA:46,3
DA:48,3
DA:49,9
DA:50,3
DA:51,3
DA:52,3
DA:53,3
DA:54,1
DA:55,4
DA:58,3
DA:61,3
DA:62,3
DA:63,3
DA:65,3
DA:67,3
DA:68,3
DA:70,3
DA:71,3
DA:72,9
DA:73,9
DA:74,9
DA:75,9
DA:76,9
DA:79,3
DA:80,6
DA:81,3
DA:82,12
DA:83,12
DA:84,12
DA:85,9
DA:86,3
DA:87,3
DA:88,8
DA:89,6
DA:95,3
DA:98,3
DA:99,2
DA:101,2
DA:102,14
DA:105,3
DA:106,2
DA:107,2
DA:108,2
DA:109,2
DA:110,2
DA:111,0
DA:113,2
DA:116,2
DA:117,4
DA:118,2
DA:119,3
DA:121,6
DA:122,2
DA:124,2
DA:125,10
DA:127,2
DA:128,4
DA:129,14
DA:132,2
DA:145,2
DA:146,4
DA:147,4
DA:148,2
DA:151,0
LF:82
LH:80
end_of_record
SF:lib\metadata_contract.dart
DA:2,15
DA:32,13
DA:33,13
DA:34,13
DA:35,13
DA:36,13
DA:37,26
DA:38,26
DA:39,13
DA:40,13
DA:41,13
DA:42,46
DA:43,13
DA:44,13
DA:45,13
DA:46,13
DA:47,0
DA:48,0
DA:52,2
DA:53,2
DA:54,2
DA:55,2
DA:56,2
DA:57,2
DA:58,2
DA:59,2
DA:60,2
DA:61,2
DA:62,1
DA:63,1
DA:64,3
DA:65,1
DA:70,11
DA:80,11
DA:81,11
DA:82,11
DA:83,22
DA:84,11
DA:85,88
DA:87,11
DA:88,11
DA:89,22
DA:96,11
DA:100,12
DA:104,11
DA:105,11
DA:106,22
DA:112,16
DA:128,16
DA:129,16
DA:130,16
DA:131,16
DA:132,16
DA:133,16
DA:134,48
DA:135,16
DA:136,16
DA:137,20
DA:138,16
DA:139,18
DA:142,22
DA:146,84
DA:150,11
DA:172,11
DA:173,11
DA:174,11
DA:175,11
DA:176,22
DA:177,22
DA:178,11
DA:179,11
DA:180,11
DA:181,22
DA:182,11
DA:186,56
DA:190,12
DA:195,8
DA:196,8
DA:197,24
DA:198,24
DA:199,16
DA:205,11
DA:206,22
DA:207,11
DA:210,15
DA:212,8
DA:213,8
DA:214,19
DA:218,21
DA:219,14
DA:220,7
DA:226,9
DA:227,27
DA:228,18
DA:229,10
DA:232,7
DA:235,8
DA:236,24
DA:237,24
DA:238,16
DA:239,8
DA:240,9
DA:247,1
DA:248,3
DA:249,3
DA:250,2
DA:251,2
DA:258,9
DA:260,20
DA:261,4
DA:262,2
DA:263,2
DA:264,2
DA:265,2
DA:266,2
DA:267,4
DA:268,4
DA:270,2
DA:277,8
DA:278,16
DA:279,8
DA:282,9
DA:283,18
DA:284,9
DA:287,9
DA:288,9
DA:289,18
DA:290,45
DA:292,27
DA:293,36
DA:296,2
DA:297,6
DA:298,2
DA:300,4
DA:301,2
DA:302,2
DA:303,4
DA:305,4
DA:308,4
DA:309,3
DA:310,2
DA:311,0
DA:319,8
DA:324,6
DA:325,36
DA:328,6
DA:329,14
DA:330,7
DA:331,2
DA:333,15
DA:334,10
DA:335,10
DA:341,8
DA:342,24
DA:343,16
DA:344,7
DA:345,7
DA:351,7
DA:352,21
DA:353,14
DA:354,7
DA:355,2
DA:361,2
DA:362,6
DA:363,4
DA:364,2
DA:365,2
DA:371,7
DA:377,2
DA:378,4
DA:379,10
DA:380,1
DA:385,7
DA:389,29
DA:390,7
DA:391,4
DA:392,2
DA:393,16
DA:395,2
DA:398,6
DA:403,12
DA:405,1
DA:406,2
DA:407,2
DA:408,4
DA:410,2
DA:414,11
DA:415,22
DA:416,33
DA:417,22
DA:418,11
LF:191
LH:188
end_of_record
SF:lib\utils\lookup_display.dart
DA:3,4
DA:4,8
DA:5,4
DA:6,6
DA:7,2
DA:10,6
DA:13,1
DA:14,1
DA:15,2
DA:18,1
DA:21,1
DA:22,1
DA:23,2
DA:26,1
DA:29,1
DA:30,2
DA:31,2
DA:32,1
DA:33,1
DA:39,1
DA:40,2
DA:41,2
DA:42,1
DA:43,1
LF:24
LH:24
end_of_record
SF:lib\widgets\currency_field.dart
DA:8,4
DA:19,4
DA:21,8
DA:22,4
DA:23,4
DA:24,4
DA:25,4
DA:26,4
DA:30,4
DA:31,8
DA:38,1
DA:49,1
DA:51,1
DA:52,1
DA:53,1
DA:54,1
DA:60,1
LF:17
LH:17
end_of_record
SF:lib\theme\app_tokens.dart
DA:8,4
DA:251,23
DA:253,2
DA:255,22
DA:282,1
DA:321,1
DA:322,0
DA:323,1
DA:324,1
DA:325,1
DA:326,1
DA:327,1
DA:328,1
DA:329,1
DA:330,1
DA:331,1
DA:332,1
DA:333,1
DA:334,1
DA:335,1
DA:336,1
DA:337,1
DA:338,1
DA:339,1
DA:340,1
DA:341,1
DA:342,1
DA:343,1
DA:344,1
DA:345,1
DA:346,1
DA:347,1
DA:348,1
DA:349,1
DA:350,1
DA:351,1
DA:352,1
DA:353,1
DA:354,1
DA:355,1
DA:356,1
DA:357,1
DA:361,3
DA:363,3
DA:364,3
DA:365,9
DA:366,9
DA:367,9
DA:368,9
DA:369,9
DA:370,9
DA:371,9
DA:372,9
DA:373,9
DA:374,9
DA:375,9
DA:376,9
DA:377,9
DA:378,9
DA:379,9
DA:380,9
DA:381,9
DA:382,9
DA:383,9
DA:384,9
DA:385,9
DA:386,9
DA:387,9
DA:388,9
DA:389,9
DA:390,9
DA:391,9
DA:392,9
DA:393,9
DA:394,9
DA:395,9
DA:396,9
DA:397,9
DA:398,9
DA:399,9
DA:400,6
DA:406,17
DA:407,34
LF:83
LH:82
end_of_record
SF:lib\utils\document_platform_settings_util.dart
DA:2,5
DA:16,5
DA:17,5
DA:18,5
DA:19,7
DA:20,4
DA:21,7
DA:22,4
LF:8
LH:8
end_of_record
SF:lib\utils\organization_logo_util.dart
DA:8,1
DA:17,2
DA:22,2
DA:23,4
DA:27,2
DA:30,4
DA:31,2
DA:38,2
DA:39,2
DA:43,5
DA:44,5
DA:45,5
DA:48,2
DA:49,4
DA:52,4
DA:56,5
DA:57,5
DA:58,5
DA:61,4
DA:64,5
DA:65,2
DA:69,0
DA:70,0
DA:73,0
DA:74,0
DA:77,0
DA:80,0
DA:81,0
DA:82,0
DA:83,0
DA:86,0
LF:31
LH:21
end_of_record
SF:lib\utils\organization_profile_util.dart
DA:2,5
DA:20,5
DA:27,5
DA:68,5
DA:69,5
DA:70,6
DA:71,6
DA:72,6
DA:73,6
DA:74,6
DA:75,6
DA:79,5
DA:80,5
DA:81,8
DA:82,8
DA:87,5
DA:91,5
DA:92,4
DA:93,4
DA:94,5
DA:95,10
DA:96,10
DA:97,10
DA:98,10
DA:99,10
DA:100,10
DA:101,10
DA:102,10
DA:103,10
DA:104,10
DA:105,5
DA:106,10
DA:107,10
DA:108,10
DA:109,10
DA:110,10
DA:111,10
DA:112,10
DA:117,1
DA:118,1
DA:119,2
DA:120,2
DA:121,2
DA:122,2
DA:123,2
DA:124,2
DA:125,4
DA:126,1
DA:129,3
DA:132,1
DA:133,3
DA:134,1
DA:135,1
DA:139,1
DA:140,1
DA:141,1
DA:142,1
DA:143,1
DA:144,1
DA:145,1
DA:146,1
DA:147,2
DA:148,2
DA:149,2
DA:150,2
DA:151,2
DA:152,2
DA:153,3
DA:158,1
DA:162,1
DA:164,2
DA:165,2
DA:170,2
DA:171,2
DA:172,4
DA:173,4
DA:174,4
DA:175,4
DA:176,4
DA:177,4
DA:178,2
DA:179,6
DA:180,6
DA:181,6
DA:182,6
DA:183,6
DA:184,6
DA:186,10
DA:187,10
DA:188,12
DA:189,2
DA:190,4
DA:191,4
DA:192,4
DA:193,10
DA:194,10
DA:195,10
DA:196,2
DA:201,1
DA:202,1
DA:203,1
DA:206,1
DA:207,2
DA:210,1
LF:104
LH:104
end_of_record
SF:lib\utils\security_platform_settings_util.dart
DA:5,5
DA:19,5
DA:20,5
DA:21,7
DA:22,5
DA:26,7
LF:6
LH:6
end_of_record
SF:lib\widgets\emcap_badge.dart
DA:9,10
DA:18,9
DA:20,9
DA:21,18
DA:22,9
DA:23,27
DA:24,9
DA:26,18
DA:28,9
DA:29,18
DA:30,9
DA:31,9
DA:40,9
DA:42,9
DA:43,16
DA:44,4
DA:45,8
DA:46,1
DA:47,2
DA:48,1
DA:49,3
DA:56,9
DA:61,9
DA:63,9
DA:64,9
DA:65,9
LF:26
LH:26
end_of_record
SF:lib\widgets\layout_editor_panel.dart
DA:17,1
DA:31,1
DA:47,5
DA:51,1
DA:52,1
DA:65,1
DA:67,1
DA:68,2
DA:69,1
DA:72,1
DA:74,2
DA:75,1
DA:78,1
DA:80,3
DA:81,1
DA:82,2
DA:83,1
DA:84,3
DA:85,0
DA:88,1
DA:90,0
DA:91,0
DA:95,1
DA:96,2
DA:99,2
DA:100,1
DA:101,1
DA:104,4
DA:105,1
DA:106,1
DA:107,2
DA:109,2
DA:110,2
DA:115,2
DA:116,1
DA:117,2
DA:118,2
DA:119,3
DA:120,1
DA:121,1
DA:122,2
DA:123,2
DA:124,2
DA:125,2
DA:126,2
DA:129,1
DA:130,1
DA:131,5
DA:132,1
DA:133,2
DA:134,2
DA:135,2
DA:136,2
DA:137,2
DA:138,1
DA:141,1
DA:142,1
DA:145,0
DA:146,0
DA:147,0
DA:148,0
DA:153,0
DA:154,0
DA:155,0
DA:158,0
DA:159,0
DA:160,0
DA:164,0
DA:165,0
DA:167,0
DA:168,0
DA:169,0
DA:170,0
DA:172,0
DA:173,0
DA:174,0
DA:175,0
DA:176,0
DA:177,0
DA:178,0
DA:181,0
DA:185,0
DA:186,0
DA:187,0
DA:188,0
DA:189,0
DA:190,0
DA:191,0
DA:192,0
DA:195,0
DA:198,0
DA:199,0
DA:200,0
DA:201,0
DA:203,0
DA:205,0
DA:206,0
DA:210,0
DA:211,0
DA:213,0
DA:214,0
DA:215,0
DA:216,0
DA:217,0
DA:219,0
DA:221,0
DA:222,0
DA:226,1
DA:231,2
DA:232,1
DA:234,1
DA:237,1
DA:238,0
DA:239,0
DA:241,0
DA:248,1
DA:250,1
DA:251,1
DA:253,1
DA:254,5
DA:255,2
DA:256,1
DA:257,6
DA:258,1
DA:259,1
DA:262,6
DA:263,1
DA:265,0
DA:267,0
DA:268,0
DA:271,1
DA:272,0
DA:273,0
DA:275,2
DA:276,0
DA:277,0
DA:279,1
DA:280,1
DA:281,1
DA:282,2
DA:283,2
DA:286,1
DA:288,1
DA:289,1
DA:290,1
DA:291,1
DA:292,2
DA:293,1
DA:294,1
DA:295,1
DA:296,2
DA:297,1
DA:298,1
DA:300,1
DA:301,3
DA:302,1
DA:303,1
DA:304,1
DA:305,0
DA:307,1
DA:308,1
DA:309,1
DA:310,0
DA:312,1
DA:313,1
DA:314,1
DA:315,0
DA:322,1
DA:323,2
DA:324,1
DA:325,4
DA:326,1
DA:327,2
DA:328,1
DA:330,1
DA:331,8
DA:332,1
DA:333,1
DA:335,1
DA:336,1
DA:337,2
DA:338,3
DA:339,0
DA:341,1
DA:342,2
DA:343,3
DA:344,0
DA:346,1
DA:347,1
DA:348,3
DA:349,0
DA:351,1
DA:352,1
DA:355,1
DA:356,4
DA:369,1
DA:370,1
DA:371,1
DA:372,2
DA:373,2
DA:375,2
DA:376,1
DA:377,2
DA:378,2
LF:204
LH:135
end_of_record
SF:lib\utils\field_display.dart
DA:5,12
DA:12,12
DA:15,20
DA:16,10
DA:18,10
DA:19,10
DA:22,8
DA:24,4
DA:26,4
DA:29,8
DA:30,1
DA:32,8
DA:33,2
DA:35,16
DA:36,6
DA:38,8
DA:41,8
DA:48,8
DA:51,8
DA:52,1
DA:54,8
DA:55,1
DA:56,4
DA:58,8
DA:59,1
DA:61,8
DA:64,8
LF:27
LH:27
end_of_record
SF:lib\utils\record_headline.dart
DA:5,11
DA:18,9
DA:19,18
DA:20,9
DA:22,3
DA:25,33
DA:28,11
DA:38,4
DA:39,4
DA:40,4
DA:46,33
DA:49,11
DA:50,35
DA:51,7
DA:52,6
DA:54,7
DA:55,7
DA:57,6
DA:59,6
DA:60,10
DA:61,2
DA:62,0
DA:64,6
DA:65,2
DA:66,2
DA:67,2
DA:68,1
DA:69,3
DA:71,6
DA:72,15
DA:73,3
DA:74,3
DA:76,5
DA:77,2
DA:78,1
DA:79,3
DA:81,5
DA:82,2
DA:83,1
DA:84,0
DA:86,5
DA:87,5
DA:88,1
DA:89,0
DA:91,5
DA:92,4
DA:93,2
DA:94,3
DA:96,4
DA:97,2
DA:100,4
DA:101,5
DA:102,1
DA:103,0
DA:105,4
DA:106,4
DA:107,2
DA:108,0
DA:110,4
DA:111,4
DA:112,2
DA:113,0
DA:115,4
DA:116,4
DA:117,2
DA:118,0
DA:120,3
DA:121,6
DA:122,3
DA:123,0
DA:125,1
DA:126,5
DA:127,1
DA:128,0
DA:130,1
DA:131,5
DA:132,1
DA:133,0
DA:135,1
DA:136,5
DA:137,1
DA:138,0
DA:140,1
DA:141,5
DA:142,1
DA:143,0
DA:147,11
DA:148,11
DA:151,11
DA:152,11
LF:90
LH:78
end_of_record
SF:lib\utils\record_lifecycle_util.dart
DA:3,10
DA:4,10
DA:6,12
DA:9,10
DA:10,20
DA:13,10
DA:14,20
LF:7
LH:7
end_of_record
SF:lib\utils\payment_util.dart
DA:7,3
DA:18,3
DA:19,6
DA:22,3
DA:23,9
DA:26,8
DA:27,16
DA:30,3
DA:34,3
DA:35,6
DA:36,6
DA:37,3
DA:38,6
DA:39,2
DA:40,3
DA:42,2
DA:43,4
DA:44,4
DA:45,2
DA:46,4
DA:47,1
DA:48,2
DA:53,9
DA:59,4
DA:60,12
DA:63,6
DA:66,3
DA:69,9
DA:75,4
DA:76,12
DA:79,6
DA:80,6
DA:83,3
DA:86,3
DA:90,3
DA:91,3
DA:92,6
DA:93,6
DA:98,2
DA:102,2
DA:103,2
DA:104,4
DA:105,4
LF:43
LH:43
end_of_record
SF:lib\utils\purchase_order_util.dart
DA:7,2
DA:8,4
DA:9,4
DA:12,8
DA:19,2
DA:20,10
DA:23,2
DA:26,2
DA:29,2
DA:35,2
DA:36,4
DA:39,2
DA:42,2
DA:47,8
DA:48,2
DA:51,2
DA:52,6
DA:56,2
DA:57,6
DA:61,1
DA:62,3
LF:21
LH:21
end_of_record
SF:lib\utils\sales_order_util.dart
DA:7,3
DA:13,4
DA:14,6
DA:17,6
DA:18,4
DA:21,3
DA:26,12
DA:27,3
DA:30,2
DA:31,6
DA:35,2
DA:36,6
DA:40,1
DA:41,3
LF:14
LH:14
end_of_record
SF:lib\utils\stock_movement_util.dart
DA:3,9
DA:9,4
DA:10,9
DA:11,3
DA:13,6
DA:16,3
DA:20,15
LF:7
LH:7
end_of_record
SF:lib\utils\workflow_enabled_util.dart
DA:1,8
DA:3,8
DA:4,14
DA:8,8
DA:9,16
DA:10,9
DA:11,8
DA:12,16
DA:13,9
DA:21,16
LF:10
LH:10
end_of_record
SF:lib\widgets\document_preview_dialog.dart
DA:8,1
DA:14,1
DA:16,2
DA:25,1
DA:35,1
DA:36,1
DA:48,1
DA:50,1
DA:51,3
DA:54,1
DA:55,2
DA:56,1
DA:57,1
DA:58,1
DA:61,3
DA:62,1
DA:64,5
DA:65,2
DA:66,3
DA:67,1
DA:68,4
DA:69,2
DA:70,1
DA:71,2
DA:72,1
DA:75,1
DA:76,2
DA:77,3
DA:78,1
DA:79,0
DA:80,1
DA:85,0
DA:86,0
DA:87,0
DA:90,1
DA:92,1
DA:93,1
DA:94,0
DA:95,0
DA:96,0
DA:97,0
DA:98,0
DA:99,0
DA:103,1
DA:104,2
DA:105,0
DA:107,1
DA:110,0
DA:111,0
DA:112,0
DA:113,0
DA:114,0
DA:115,0
DA:116,0
DA:120,1
DA:121,1
DA:124,1
DA:125,1
DA:126,1
DA:127,2
DA:130,1
DA:131,1
DA:132,1
DA:133,1
DA:136,1
DA:137,0
DA:141,1
DA:143,1
DA:144,2
DA:145,1
DA:147,0
DA:153,1
DA:155,2
DA:157,1
DA:158,1
DA:159,1
DA:160,1
DA:161,1
DA:162,2
DA:163,1
DA:164,1
DA:168,4
DA:169,1
DA:171,1
DA:172,2
DA:173,1
DA:179,1
DA:181,1
DA:182,1
DA:185,1
DA:186,3
DA:187,0
DA:188,0
DA:189,0
DA:190,0
DA:192,0
DA:193,0
DA:194,0
DA:195,0
DA:196,0
DA:199,0
DA:200,0
DA:202,2
DA:203,0
DA:204,1
DA:205,1
DA:206,1
DA:208,1
DA:209,1
DA:210,1
DA:213,2
DA:218,1
DA:219,1
DA:220,1
DA:221,6
DA:223,1
DA:224,0
DA:225,2
DA:230,1
DA:235,1
DA:236,3
DA:237,1
DA:238,1
DA:239,2
DA:241,1
DA:242,0
DA:243,2
LF:127
LH:93
end_of_record
SF:lib\widgets\lookup_field.dart
DA:9,1
DA:20,1
DA:26,1
DA:28,2
DA:36,1
DA:37,1
DA:46,1
DA:48,1
DA:49,1
DA:52,1
DA:54,2
DA:55,1
DA:58,1
DA:59,2
DA:60,1
DA:61,1
DA:64,3
DA:65,3
DA:66,2
DA:67,1
DA:69,1
DA:70,2
DA:71,1
DA:72,1
DA:75,1
DA:76,2
DA:77,2
DA:78,1
DA:79,2
DA:84,1
DA:86,1
DA:87,5
DA:88,1
DA:90,1
DA:92,1
DA:93,1
DA:94,1
DA:95,1
DA:96,1
DA:99,0
DA:102,1
DA:104,4
DA:106,1
DA:107,1
DA:109,2
DA:111,1
DA:112,1
DA:114,6
DA:116,2
DA:117,0
DA:119,0
DA:122,1
DA:123,1
DA:125,2
DA:126,1
DA:127,2
DA:128,2
DA:129,3
DA:130,1
DA:131,2
DA:133,3
DA:141,1
DA:142,3
DA:143,3
DA:150,3
DA:165,3
DA:166,3
DA:173,3
DA:175,3
DA:176,3
DA:179,1
DA:181,1
DA:182,10
DA:183,0
DA:187,3
DA:188,6
DA:189,9
DA:190,6
DA:191,9
DA:194,9
DA:196,9
DA:197,3
DA:198,6
DA:199,6
DA:200,3
DA:203,0
DA:204,0
DA:205,0
DA:206,0
DA:211,1
DA:212,3
DA:213,1
DA:216,1
DA:217,1
DA:218,2
DA:220,2
DA:222,0
DA:223,0
DA:225,3
DA:229,3
DA:231,3
DA:233,3
DA:234,18
DA:236,3
DA:239,3
DA:240,9
DA:241,3
DA:243,12
DA:246,3
DA:248,3
DA:249,3
DA:250,3
DA:251,18
DA:253,15
DA:254,13
LF:115
LH:105
end_of_record
SF:lib\app\shell.dart
DA:24,1
DA:38,1
DA:42,1
DA:43,1
DA:57,1
DA:59,1
DA:60,4
DA:61,1
DA:64,0
DA:65,0
DA:66,0
DA:67,0
DA:68,0
DA:69,0
DA:71,0
DA:75,1
DA:77,3
DA:78,3
DA:79,3
DA:80,3
DA:81,3
DA:82,1
DA:83,1
DA:84,1
DA:85,2
DA:89,1
DA:90,1
DA:91,1
DA:92,2
DA:93,3
DA:94,4
DA:95,3
DA:96,4
DA:97,4
DA:98,2
DA:99,8
DA:100,0
DA:102,1
DA:104,2
DA:105,0
DA:108,0
DA:112,1
DA:113,1
DA:114,2
DA:115,1
DA:116,1
DA:117,1
DA:118,1
DA:119,2
DA:123,2
DA:124,2
DA:125,1
DA:126,1
DA:127,2
DA:128,1
DA:129,2
DA:130,1
DA:138,1
DA:140,1
DA:142,1
DA:144,1
DA:146,1
DA:148,1
DA:150,1
DA:152,1
DA:154,1
DA:156,1
DA:158,1
DA:160,1
DA:163,1
DA:170,1
DA:171,2
DA:172,3
DA:174,0
DA:177,1
DA:178,1
DA:179,1
DA:180,1
DA:181,2
DA:182,0
DA:184,1
DA:185,3
DA:186,1
DA:187,3
DA:188,1
DA:189,3
DA:190,1
DA:191,3
DA:192,1
DA:193,4
DA:194,1
DA:195,3
DA:196,1
DA:197,3
DA:198,1
DA:199,3
DA:200,1
DA:201,3
DA:202,1
DA:203,1
DA:204,2
DA:205,1
DA:211,2
DA:212,3
DA:213,2
DA:214,1
DA:215,2
DA:218,0
DA:221,0
DA:224,1
DA:225,3
DA:226,4
DA:227,3
DA:231,1
DA:232,2
DA:233,1
DA:235,2
DA:236,3
DA:237,1
DA:238,1
DA:239,1
DA:240,1
DA:241,1
DA:242,2
DA:243,1
DA:244,1
DA:246,1
DA:248,4
DA:256,1
DA:257,1
DA:258,2
DA:259,2
DA:260,3
DA:261,3
DA:268,1
DA:269,1
DA:270,1
DA:271,1
DA:272,1
DA:274,1
DA:275,1
DA:276,5
DA:277,1
DA:279,6
DA:282,1
DA:289,1
DA:290,2
DA:291,1
DA:292,1
DA:293,1
DA:294,2
DA:295,1
DA:296,1
DA:297,1
DA:300,1
DA:302,1
DA:303,1
DA:305,1
DA:306,5
DA:308,1
DA:309,2
DA:310,1
DA:311,1
DA:312,1
DA:313,1
DA:314,1
DA:315,1
DA:316,2
DA:317,1
DA:318,1
DA:320,1
DA:321,1
DA:325,4
DA:329,3
DA:336,1
DA:337,2
DA:338,1
DA:340,1
DA:341,2
DA:342,1
DA:344,4
DA:345,1
DA:346,1
DA:347,4
DA:354,1
DA:356,3
DA:357,1
DA:358,1
DA:359,1
DA:365,1
DA:366,1
DA:367,1
DA:368,2
DA:369,1
DA:370,1
DA:371,1
DA:372,1
DA:373,2
DA:374,1
DA:375,1
DA:376,1
DA:378,2
DA:379,2
DA:380,3
DA:381,3
DA:382,3
DA:385,1
DA:386,1
DA:387,1
DA:388,1
DA:389,1
DA:390,2
DA:395,1
DA:396,1
DA:397,1
DA:398,1
DA:400,1
DA:401,1
DA:402,1
DA:409,1
DA:410,1
DA:411,1
DA:412,1
DA:413,1
DA:415,1
DA:416,1
DA:417,3
DA:418,1
DA:419,1
DA:420,3
DA:421,3
DA:423,1
DA:424,1
DA:425,1
DA:426,5
DA:428,3
DA:429,1
DA:430,1
DA:431,1
DA:432,1
DA:433,2
DA:434,2
DA:435,3
DA:438,1
DA:439,1
DA:441,3
DA:442,3
DA:449,1
DA:450,1
DA:451,1
DA:452,1
DA:453,4
DA:454,1
DA:470,1
DA:475,1
DA:476,1
DA:487,1
DA:489,1
DA:490,2
DA:491,2
DA:493,1
DA:496,1
DA:498,3
DA:499,1
DA:500,2
DA:501,1
DA:502,1
DA:503,3
DA:504,0
DA:508,0
DA:509,0
DA:510,0
DA:511,0
DA:516,1
DA:518,2
DA:519,2
DA:520,1
DA:523,1
DA:524,1
DA:525,1
DA:526,1
DA:529,0
DA:530,0
DA:531,0
DA:532,0
DA:534,0
DA:535,0
DA:536,0
DA:537,0
DA:541,0
DA:542,0
DA:543,0
DA:544,0
DA:545,0
DA:546,0
DA:548,0
DA:552,1
DA:554,1
DA:555,3
DA:556,1
DA:557,3
DA:558,1
DA:559,1
DA:560,1
DA:561,1
DA:562,3
DA:565,1
DA:566,2
DA:567,1
DA:568,1
DA:571,1
DA:572,1
DA:573,1
DA:574,2
DA:575,2
DA:576,0
DA:577,0
DA:578,0
DA:584,3
DA:585,1
DA:586,1
DA:587,2
DA:589,1
DA:590,1
DA:591,2
DA:595,1
DA:596,0
DA:598,0
DA:599,0
DA:601,0
DA:604,2
DA:606,0
DA:607,0
DA:609,0
DA:610,0
DA:612,0
DA:613,0
DA:616,0
DA:617,0
DA:619,0
DA:622,0
DA:626,2
DA:628,6
LF:343
LH:292
end_of_record
SF:lib\utils\material_icon_util.dart
DA:5,2
DA:6,2
DA:9,2
LF:3
LH:3
end_of_record
SF:lib\app\account_screen.dart
DA:7,2
DA:11,2
DA:12,2
DA:22,2
DA:24,2
DA:25,4
DA:28,2
DA:30,4
DA:31,2
DA:34,2
DA:35,6
DA:36,6
DA:37,6
DA:38,6
DA:39,6
DA:40,2
DA:41,4
DA:42,6
DA:43,2
DA:52,2
DA:54,2
DA:55,6
DA:56,2
DA:57,2
DA:58,2
DA:59,2
DA:60,1
DA:61,4
DA:64,2
DA:65,2
DA:66,2
DA:68,2
DA:69,6
DA:73,2
DA:74,2
DA:76,2
DA:77,2
DA:78,12
DA:80,6
DA:81,2
DA:82,2
DA:83,10
DA:84,4
DA:85,2
DA:86,1
DA:88,6
DA:90,2
DA:91,4
DA:92,4
DA:93,1
DA:94,1
DA:95,2
DA:97,2
DA:98,2
DA:99,2
DA:100,1
DA:101,2
DA:102,1
DA:105,3
DA:106,2
DA:107,3
DA:108,1
DA:111,1
DA:112,4
DA:115,4
DA:117,4
DA:118,1
DA:119,1
DA:120,3
DA:122,5
DA:123,3
DA:124,1
DA:125,3
DA:127,1
DA:128,2
DA:129,3
DA:132,1
DA:133,4
DA:136,2
DA:140,2
DA:141,2
DA:142,8
DA:143,6
DA:145,12
DA:146,2
DA:147,2
DA:148,8
DA:149,6
DA:151,14
DA:152,2
DA:153,2
DA:154,2
DA:155,6
DA:157,2
DA:158,4
DA:159,2
DA:160,6
DA:161,2
DA:162,2
DA:163,2
DA:164,8
DA:168,2
DA:169,1
DA:170,3
DA:171,1
DA:172,2
DA:173,1
DA:174,4
DA:178,4
DA:180,2
DA:181,1
DA:182,3
DA:183,1
DA:184,2
DA:185,5
DA:188,4
DA:190,4
DA:192,2
DA:193,1
DA:195,3
DA:196,2
DA:197,1
DA:198,3
DA:200,1
DA:201,2
DA:202,4
DA:205,0
DA:206,0
DA:209,4
DA:212,2
DA:222,2
DA:238,2
DA:242,2
DA:244,2
DA:245,2
DA:246,2
DA:248,2
DA:250,2
DA:252,2
DA:253,6
DA:254,2
DA:256,2
DA:257,2
DA:258,2
DA:259,6
DA:260,6
DA:261,6
DA:262,6
LF:148
LH:146
end_of_record
SF:lib\app\workflow_inbox_screen.dart
DA:11,2
DA:20,2
DA:21,2
DA:34,2
DA:36,2
DA:37,6
DA:38,2
DA:41,2
DA:43,6
DA:44,2
DA:47,1
DA:48,3
DA:51,2
DA:52,4
DA:53,2
DA:54,2
DA:57,6
DA:58,2
DA:59,4
DA:60,2
DA:61,2
DA:64,1
DA:65,2
DA:66,2
DA:67,1
DA:68,2
DA:73,2
DA:74,6
DA:75,4
DA:76,4
DA:77,6
DA:78,4
DA:80,2
DA:83,2
DA:84,22
DA:87,2
DA:88,22
DA:91,1
DA:93,3
DA:94,1
DA:95,2
DA:96,4
DA:98,1
DA:100,0
DA:101,0
DA:105,1
DA:106,1
DA:107,1
DA:108,1
DA:109,2
DA:110,2
DA:111,2
DA:112,1
DA:113,3
DA:114,4
DA:118,1
DA:121,1
DA:122,1
DA:123,2
DA:124,1
DA:125,1
DA:128,3
DA:129,1
DA:131,0
DA:133,4
DA:137,1
DA:138,1
DA:139,1
DA:140,1
DA:141,1
DA:142,1
DA:143,2
DA:144,1
DA:146,2
DA:148,1
DA:149,3
DA:150,6
DA:155,1
DA:156,2
DA:157,1
DA:158,1
DA:161,4
DA:162,1
DA:164,0
DA:166,4
DA:170,1
DA:172,3
DA:173,1
DA:174,3
DA:176,0
DA:177,0
DA:181,1
DA:182,3
DA:185,1
DA:186,3
DA:189,0
DA:190,0
DA:193,2
DA:194,4
DA:195,2
DA:196,2
DA:197,2
DA:198,4
DA:201,4
DA:202,2
DA:203,2
DA:204,2
DA:205,4
DA:209,2
DA:210,2
DA:211,2
DA:212,2
DA:213,4
DA:220,2
DA:221,2
DA:222,2
DA:223,0
DA:224,2
DA:225,2
DA:226,0
DA:227,0
DA:228,0
DA:233,2
DA:234,2
DA:235,2
DA:236,0
DA:237,2
DA:238,2
DA:239,0
DA:240,0
DA:241,0
DA:246,2
DA:247,4
DA:248,8
DA:250,0
DA:254,0
DA:255,0
DA:257,0
DA:258,0
DA:259,0
DA:260,0
DA:261,0
DA:262,0
DA:268,2
DA:269,2
DA:270,1
DA:271,1
DA:272,3
DA:274,1
DA:276,1
DA:278,1
DA:280,1
DA:281,6
DA:283,1
DA:284,2
DA:286,1
DA:288,1
DA:289,7
DA:290,3
DA:295,4
DA:302,2
DA:304,2
DA:305,2
DA:306,4
DA:307,2
DA:308,10
DA:309,4
DA:312,2
DA:313,6
DA:314,4
DA:315,1
DA:316,1
DA:318,1
DA:319,6
DA:320,4
DA:324,2
DA:326,2
DA:327,2
DA:328,0
DA:330,0
DA:332,2
DA:333,1
DA:335,2
DA:337,4
DA:338,0
DA:339,2
DA:340,2
DA:341,2
DA:342,2
DA:343,2
DA:344,5
DA:345,4
DA:346,2
DA:347,6
DA:348,12
DA:350,4
DA:354,2
DA:355,2
DA:356,4
DA:357,4
DA:358,2
DA:359,6
DA:360,10
DA:362,0
DA:368,4
DA:369,6
DA:370,4
DA:371,4
DA:372,4
DA:373,4
DA:374,4
DA:375,2
DA:376,2
DA:377,2
DA:379,2
DA:381,2
DA:382,2
DA:384,2
DA:385,2
DA:386,2
DA:387,4
DA:388,6
DA:391,2
DA:392,4
DA:397,4
DA:398,2
DA:399,2
DA:404,2
DA:405,4
DA:408,2
DA:409,2
DA:410,8
DA:411,2
DA:414,2
DA:415,2
DA:416,10
DA:418,2
DA:419,2
DA:420,2
DA:421,2
DA:426,4
DA:433,2
LF:242
LH:213
end_of_record
SF:lib\utils\workflow_detail_util.dart
DA:6,2
DA:13,2
DA:27,2
DA:28,4
DA:29,2
DA:30,4
DA:32,4
DA:33,2
DA:34,2
DA:35,4
DA:36,2
DA:37,2
DA:38,2
DA:39,6
DA:40,4
DA:41,2
DA:43,2
DA:46,3
DA:48,3
DA:49,1
DA:50,3
DA:51,3
DA:52,3
DA:53,2
DA:59,3
DA:60,3
DA:61,3
DA:65,6
LF:28
LH:28
end_of_record
SF:lib\utils\workflow_sla_util.dart
DA:3,3
DA:4,3
DA:7,3
DA:11,4
DA:12,9
DA:13,3
DA:16,3
LF:7
LH:7
end_of_record
SF:lib\utils\workflow_state_util.dart
DA:4,4
DA:5,4
DA:6,4
DA:7,1
DA:9,4
DA:10,4
DA:11,4
LF:7
LH:7
end_of_record
SF:lib\utils\document_preview_util.dart
DA:9,2
DA:16,2
DA:45,2
DA:46,2
DA:47,4
DA:48,4
DA:49,2
DA:52,2
DA:53,2
DA:54,1
DA:55,1
DA:58,2
DA:62,2
DA:63,3
DA:64,4
DA:65,1
DA:66,1
DA:67,4
DA:69,1
DA:70,2
DA:71,2
DA:73,1
DA:75,2
DA:76,2
DA:78,4
DA:83,2
DA:85,4
DA:86,8
DA:87,2
DA:93,1
DA:94,2
DA:95,3
DA:96,2
DA:97,3
DA:98,3
DA:99,5
DA:104,2
DA:105,4
DA:106,6
DA:108,2
DA:109,2
DA:111,1
DA:114,1
DA:116,1
DA:122,2
DA:123,4
DA:126,2
DA:127,4
DA:128,2
DA:129,2
DA:130,6
DA:132,4
DA:133,2
DA:140,4
DA:141,2
DA:148,3
DA:149,3
DA:150,2
DA:158,1
DA:162,1
DA:166,2
DA:167,4
DA:168,2
DA:169,4
DA:172,3
DA:175,3
DA:181,1
DA:182,3
DA:183,1
DA:185,3
DA:186,2
LF:71
LH:71
end_of_record
SF:lib\utils\status_chip_util.dart
DA:4,10
DA:10,10
DA:11,20
DA:12,5
DA:19,10
DA:26,35
DA:27,10
DA:30,1
DA:33,12
DA:42,20
DA:46,20
DA:47,10
DA:48,10
LF:13
LH:13
end_of_record
SF:lib\utils\locale_format_util.dart
DA:13,62
DA:15,6
DA:17,3
DA:18,3
DA:19,3
DA:20,6
DA:22,6
DA:25,1
DA:26,1
DA:27,1
DA:28,2
DA:30,2
DA:33,1
DA:38,1
DA:39,1
DA:40,1
LF:16
LH:16
end_of_record
SF:lib\services\preferences_service.dart
DA:8,4
DA:16,4
DA:17,4
DA:18,4
DA:21,2
DA:22,4
DA:23,2
DA:26,2
DA:32,2
DA:34,2
DA:35,4
DA:36,2
DA:37,2
DA:38,1
DA:39,2
DA:43,3
DA:44,6
DA:45,2
DA:48,2
DA:51,1
DA:52,1
DA:53,1
DA:54,2
DA:55,3
DA:57,0
DA:60,1
DA:61,1
DA:62,0
DA:63,2
DA:64,1
DA:67,3
DA:68,9
DA:71,8
DA:73,2
DA:75,4
DA:77,4
LF:36
LH:34
end_of_record
SF:lib\utils\bulk_grid_util.dart
DA:3,2
DA:5,8
DA:6,6
DA:7,2
DA:10,2
DA:11,2
DA:12,2
DA:13,2
DA:15,2
DA:20,2
DA:21,2
DA:22,2
DA:23,6
DA:25,2
DA:27,2
DA:32,2
DA:33,2
DA:34,6
DA:37,2
DA:41,12
DA:44,2
DA:45,4
DA:46,4
DA:47,2
DA:48,12
DA:50,2
DA:53,2
DA:54,2
LF:28
LH:28
end_of_record
