SF:lib\services\i18n_service.dart
DA:10,0
DA:12,93
DA:14,30
DA:15,60
DA:16,90
DA:17,30
DA:18,180
DA:20,60
DA:21,90
DA:23,90
DA:28,31
DA:29,60
DA:30,121
DA:31,6
DA:35,12
DA:36,24
DA:41,2
DA:47,2
DA:48,2
DA:49,2
DA:50,6
DA:51,4
DA:54,4
DA:58,0
DA:61,87
DA:69,29
DA:70,58
DA:71,87
DA:72,87
DA:74,2
DA:77,2
DA:79,8
DA:82,6
DA:83,6
DA:84,6
DA:85,18
DA:86,18
DA:90,6
DA:91,6
DA:92,6
DA:93,12
DA:94,18
DA:95,6
DA:98,1
DA:100,0
DA:101,0
DA:102,0
DA:105,0
DA:108,6
DA:109,18
DA:110,2
DA:111,3
DA:112,2
DA:115,0
DA:117,24
DA:120,6
DA:121,6
DA:122,12
DA:123,4
DA:126,5
DA:127,10
DA:130,58
LF:62
LH:55
end_of_record
SF:lib\api\emcap_client.dart
DA:6,1
DA:11,1
DA:12,1
DA:13,2
DA:14,2
DA:20,31
DA:21,29
DA:29,2
DA:30,2
DA:33,1
DA:34,1
DA:37,4
DA:38,4
DA:39,4
DA:42,8
DA:43,8
DA:45,8
DA:47,8
DA:48,9
DA:53,7
DA:59,21
DA:60,7
DA:62,1
DA:64,7
DA:65,14
DA:66,10
DA:67,14
DA:68,14
DA:69,14
DA:70,11
DA:71,1
DA:72,2
DA:74,15
DA:76,9
DA:77,1
DA:79,3
DA:82,1
DA:83,2
DA:89,1
DA:90,1
DA:91,1
DA:92,1
DA:93,1
DA:94,1
DA:95,0
DA:99,1
DA:100,2
DA:103,1
DA:104,2
DA:107,2
DA:108,3
DA:109,4
DA:110,2
DA:113,2
DA:114,2
DA:117,6
DA:119,1
DA:120,1
DA:121,2
DA:124,1
DA:125,2
DA:132,1
DA:137,3
DA:143,1
DA:144,2
DA:145,2
DA:148,1
DA:149,2
DA:152,2
DA:153,4
DA:156,1
DA:157,1
DA:160,1
DA:161,2
DA:164,1
DA:165,2
DA:168,1
DA:169,2
DA:172,1
DA:176,2
DA:179,2
DA:180,4
DA:183,1
DA:189,1
DA:191,1
DA:193,2
DA:197,1
DA:198,2
DA:201,2
DA:202,4
DA:205,2
DA:206,4
DA:209,1
DA:210,2
DA:211,2
DA:214,1
DA:219,1
DA:221,1
DA:222,1
DA:226,1
DA:227,2
DA:228,2
DA:229,2
DA:232,1
DA:233,2
DA:236,1
DA:237,1
DA:240,1
DA:244,2
DA:250,2
DA:251,4
DA:254,2
DA:255,4
DA:256,4
DA:259,2
DA:260,6
DA:261,4
DA:264,1
DA:265,1
DA:266,2
DA:269,1
DA:270,2
DA:273,1
DA:278,1
DA:280,1
DA:281,1
DA:285,1
DA:286,1
DA:288,1
DA:289,1
DA:293,2
DA:299,4
DA:307,1
DA:308,2
DA:309,2
DA:312,1
DA:313,1
DA:314,2
DA:317,1
DA:323,2
DA:331,1
DA:332,1
DA:333,2
DA:336,1
DA:337,1
DA:338,2
DA:341,1
DA:342,1
DA:343,2
DA:346,1
DA:347,1
DA:350,1
DA:351,1
DA:354,1
DA:355,1
DA:358,1
DA:359,2
DA:365,1
DA:369,2
DA:375,1
DA:379,2
DA:385,1
DA:390,2
DA:397,1
DA:402,2
DA:409,1
DA:413,2
DA:419,1
DA:420,1
DA:423,1
DA:424,2
DA:430,2
DA:431,4
DA:433,1
DA:437,2
DA:438,2
DA:439,2
DA:442,2
DA:443,6
DA:444,6
DA:445,4
DA:446,4
DA:448,1
DA:451,1
DA:452,2
DA:455,1
DA:456,1
DA:457,2
DA:460,1
DA:461,2
DA:464,1
DA:470,2
DA:478,2
DA:485,6
DA:486,1
DA:487,2
DA:488,1
DA:489,2
DA:493,1
DA:494,2
DA:497,1
DA:498,1
DA:499,2
DA:502,1
DA:507,2
DA:514,2
DA:519,6
DA:520,1
DA:521,1
DA:525,1
DA:526,1
DA:529,1
DA:530,2
DA:533,2
DA:534,2
DA:537,1
DA:540,2
DA:543,1
DA:547,1
DA:550,1
DA:554,1
DA:555,1
DA:558,1
DA:561,2
DA:564,1
DA:565,1
DA:568,1
DA:569,1
DA:572,1
DA:573,1
DA:574,2
DA:577,1
DA:580,2
DA:581,2
DA:584,1
DA:589,2
DA:596,1
DA:597,2
DA:600,1
DA:604,2
DA:607,1
DA:608,2
DA:611,1
DA:612,1
DA:615,1
DA:619,2
DA:625,1
DA:626,1
DA:627,2
DA:630,1
DA:636,2
DA:644,3
DA:650,9
DA:651,2
DA:652,2
DA:653,2
DA:657,1
DA:658,2
DA:661,1
DA:662,1
DA:663,2
DA:666,2
DA:667,6
DA:668,8
DA:669,8
DA:670,10
DA:671,2
DA:672,2
DA:679,3
DA:680,3
LF:270
LH:269
end_of_record
SF:lib\app\admin_roles_screen.dart
DA:10,3
DA:14,3
DA:15,3
DA:32,3
DA:34,3
DA:35,3
DA:38,3
DA:40,6
DA:41,6
DA:42,3
DA:45,3
DA:46,6
DA:47,3
DA:48,3
DA:51,9
DA:52,9
DA:53,3
DA:54,6
DA:55,3
DA:56,3
DA:57,3
DA:60,0
DA:61,0
DA:62,0
DA:63,0
DA:68,3
DA:69,3
DA:70,0
DA:71,0
DA:76,0
DA:77,0
DA:78,0
DA:79,0
DA:80,0
DA:81,0
DA:82,0
DA:83,0
DA:87,0
DA:88,0
DA:89,0
DA:90,0
DA:91,0
DA:92,0
DA:93,0
DA:94,0
DA:98,0
DA:99,0
DA:101,0
DA:102,0
DA:103,0
DA:104,0
DA:105,0
DA:108,0
DA:109,0
DA:110,0
DA:111,0
DA:114,0
DA:115,0
DA:116,0
DA:117,0
DA:118,0
DA:121,0
DA:122,0
DA:124,0
DA:128,3
DA:129,6
DA:130,6
DA:133,3
DA:135,3
DA:136,3
DA:137,3
DA:140,3
DA:146,3
DA:148,3
DA:149,3
DA:151,3
DA:152,3
DA:154,6
DA:157,3
DA:159,0
DA:161,3
DA:162,3
DA:163,3
DA:165,3
DA:166,6
DA:167,0
DA:168,3
DA:169,6
DA:170,6
DA:171,3
DA:172,6
DA:173,9
DA:174,12
DA:175,0
DA:184,3
DA:185,3
DA:186,6
DA:187,0
DA:189,0
DA:190,0
DA:191,0
DA:192,0
DA:193,0
DA:195,0
DA:196,0
DA:197,0
DA:200,0
DA:201,0
DA:202,0
DA:204,0
DA:210,0
DA:211,0
DA:212,0
DA:213,0
DA:217,0
DA:218,0
DA:219,0
DA:220,0
DA:224,0
DA:225,0
DA:226,0
DA:227,0
DA:228,0
DA:229,0
DA:234,3
DA:235,3
DA:238,3
DA:241,3
DA:242,0
DA:243,0
DA:244,0
DA:245,0
LF:132
LH:57
end_of_record
SF:lib\widgets\detail_placeholder.dart
DA:4,5
DA:8,2
DA:10,2
DA:11,2
DA:13,2
DA:14,2
DA:16,8
DA:17,6
LF:8
LH:8
end_of_record
SF:lib\widgets\master_detail_layout.dart
DA:6,5
DA:19,5
DA:21,5
DA:22,5
DA:23,10
DA:25,2
DA:27,2
DA:28,4
DA:30,2
DA:32,2
DA:34,2
DA:40,3
DA:41,2
DA:43,2
DA:44,2
DA:45,1
DA:47,1
DA:48,1
DA:50,2
DA:53,4
DA:57,3
LF:21
LH:21
end_of_record
SF:lib\widgets\permission_picker.dart
DA:7,1
DA:18,1
DA:20,2
DA:21,1
DA:23,2
DA:24,1
DA:26,1
DA:27,2
DA:28,1
DA:29,4
DA:31,1
DA:32,1
DA:33,1
DA:34,1
DA:35,2
DA:36,2
DA:38,4
DA:39,1
DA:40,6
DA:43,2
DA:44,2
DA:45,1
DA:46,2
DA:47,1
DA:48,4
DA:55,1
LF:26
LH:26
end_of_record
SF:lib\app\admin_security_screen.dart
DA:10,3
DA:14,3
DA:15,3
DA:29,3
DA:31,3
DA:32,3
DA:35,3
DA:36,6
DA:37,3
DA:38,3
DA:41,9
DA:42,9
DA:43,9
DA:46,9
DA:47,3
DA:48,3
DA:49,0
DA:50,0
DA:54,3
DA:55,6
DA:56,6
DA:57,3
DA:58,9
DA:59,3
DA:60,3
DA:61,3
DA:62,18
DA:63,3
DA:66,0
DA:67,0
DA:68,0
DA:69,0
DA:74,0
DA:75,0
DA:76,0
DA:77,0
DA:78,0
DA:79,0
DA:80,0
DA:81,0
DA:82,0
DA:83,0
DA:84,0
DA:85,0
DA:86,0
DA:88,0
DA:89,0
DA:91,0
DA:93,0
DA:95,0
DA:97,0
DA:99,0
DA:101,0
DA:103,0
DA:105,0
DA:107,0
DA:112,0
DA:113,0
DA:114,0
DA:118,0
DA:119,0
DA:120,0
DA:121,0
DA:122,0
DA:123,0
DA:126,0
DA:127,0
DA:128,0
DA:129,0
DA:130,0
DA:131,0
DA:133,0
DA:134,0
DA:135,0
DA:136,0
DA:137,0
DA:138,0
DA:141,0
DA:142,0
DA:145,0
DA:146,0
DA:147,0
DA:148,0
DA:149,0
DA:150,0
DA:151,0
DA:154,0
DA:155,0
DA:156,0
DA:157,0
DA:158,0
DA:159,0
DA:160,0
DA:161,0
DA:162,0
DA:163,0
DA:164,0
DA:165,0
DA:167,0
DA:175,0
DA:176,0
DA:177,0
DA:182,0
DA:186,0
DA:187,0
DA:189,0
DA:191,0
DA:192,0
DA:193,0
DA:194,0
DA:195,0
DA:198,0
DA:199,0
DA:200,0
DA:205,0
DA:206,0
DA:208,0
DA:209,0
DA:210,0
DA:211,0
DA:212,0
DA:215,0
DA:216,0
DA:220,3
DA:221,3
DA:222,6
DA:223,9
DA:228,0
DA:229,0
DA:230,0
DA:231,0
DA:234,3
DA:236,3
DA:237,3
DA:238,3
DA:241,3
DA:246,3
DA:247,0
DA:250,3
DA:251,3
DA:252,6
DA:253,2
DA:254,4
DA:255,4
DA:256,2
DA:257,2
DA:258,6
DA:259,4
DA:260,0
DA:266,0
DA:267,3
DA:269,3
DA:270,15
DA:272,12
DA:273,12
DA:275,3
DA:276,3
DA:277,3
DA:278,9
DA:279,9
DA:280,9
DA:282,3
DA:283,9
DA:284,0
DA:285,0
DA:286,0
DA:287,0
DA:288,0
DA:291,0
DA:292,0
DA:293,0
DA:294,0
DA:300,6
DA:302,0
DA:303,0
DA:304,0
DA:309,3
DA:310,3
DA:313,3
DA:315,3
DA:316,3
DA:318,3
DA:320,3
DA:321,15
DA:322,6
DA:326,3
DA:328,3
DA:334,3
DA:336,3
DA:338,3
DA:339,15
DA:340,15
DA:341,3
DA:342,3
DA:344,3
DA:345,3
DA:346,3
DA:347,9
DA:348,9
DA:349,9
DA:351,15
DA:352,3
DA:353,3
DA:354,3
DA:355,0
DA:356,3
DA:357,12
DA:358,12
DA:359,12
DA:362,3
DA:366,3
DA:367,3
DA:368,3
DA:369,0
DA:370,0
DA:371,0
DA:372,0
DA:373,0
DA:383,6
DA:385,12
LF:220
LH:98
end_of_record
SF:lib\utils\shell_nav_util.dart
DA:2,3
DA:18,2
DA:19,2
DA:20,4
DA:21,4
DA:22,4
DA:23,4
DA:24,2
DA:25,2
DA:31,2
DA:39,3
DA:48,6
DA:49,9
DA:52,6
DA:53,3
DA:54,6
DA:55,2
DA:63,3
DA:64,7
DA:65,2
DA:67,3
DA:70,2
DA:71,2
DA:72,2
DA:75,1
DA:76,1
DA:77,2
DA:82,2
DA:87,4
DA:88,4
DA:91,4
DA:92,2
DA:95,2
DA:96,2
DA:97,4
DA:98,10
DA:100,10
DA:102,2
DA:103,4
DA:104,2
DA:105,4
DA:106,6
DA:109,2
DA:112,3
DA:113,3
DA:117,3
DA:118,3
DA:119,21
DA:120,3
DA:123,3
DA:127,3
DA:128,3
DA:131,8
DA:133,3
DA:134,3
DA:135,3
DA:138,7
DA:140,3
DA:141,3
DA:144,8
DA:147,3
DA:148,2
DA:149,2
DA:150,6
DA:151,6
DA:152,6
DA:154,5
DA:155,4
DA:157,5
DA:158,4
DA:160,12
DA:163,4
DA:164,4
DA:165,4
DA:166,16
DA:168,1
DA:171,2
DA:172,2
DA:173,2
DA:174,2
DA:180,2
DA:181,2
DA:182,2
DA:183,2
DA:184,2
DA:185,4
DA:188,1
DA:189,1
DA:190,1
DA:191,1
DA:192,2
DA:193,4
DA:197,0
DA:201,1
DA:213,2
DA:215,2
DA:221,4
DA:224,2
DA:225,2
DA:227,4
DA:228,6
DA:229,2
DA:230,4
DA:232,8
DA:237,1
DA:238,1
DA:239,1
DA:240,3
LF:108
LH:107
end_of_record
SF:lib\app\admin_users_screen.dart
DA:10,3
DA:14,3
DA:15,3
DA:34,3
DA:36,3
DA:37,3
DA:40,3
DA:42,6
DA:43,6
DA:44,6
DA:45,3
DA:48,3
DA:49,6
DA:50,3
DA:51,3
DA:54,9
DA:55,9
DA:56,3
DA:57,6
DA:58,3
DA:59,3
DA:60,3
DA:63,0
DA:64,0
DA:65,0
DA:66,0
DA:71,3
DA:72,3
DA:73,0
DA:74,0
DA:79,0
DA:80,0
DA:81,0
DA:82,0
DA:83,0
DA:84,0
DA:85,0
DA:86,0
DA:87,0
DA:88,0
DA:89,0
DA:91,0
DA:92,0
DA:96,1
DA:97,2
DA:98,1
DA:99,1
DA:100,2
DA:101,2
DA:102,2
DA:103,1
DA:104,1
DA:105,1
DA:106,1
DA:107,1
DA:111,0
DA:112,0
DA:114,0
DA:115,0
DA:116,0
DA:117,0
DA:118,0
DA:119,0
DA:121,0
DA:124,0
DA:125,0
DA:126,0
DA:127,0
DA:131,0
DA:132,0
DA:133,0
DA:134,0
DA:135,0
DA:138,0
DA:139,0
DA:141,0
DA:145,0
DA:146,0
DA:148,0
DA:149,0
DA:150,0
DA:151,0
DA:152,0
DA:153,0
DA:157,3
DA:159,3
DA:160,3
DA:161,3
DA:164,3
DA:170,3
DA:172,3
DA:173,3
DA:175,3
DA:176,3
DA:178,6
DA:181,3
DA:183,0
DA:185,3
DA:186,3
DA:187,3
DA:189,3
DA:190,6
DA:191,0
DA:192,3
DA:193,6
DA:194,6
DA:195,9
DA:196,3
DA:197,6
DA:198,9
DA:199,12
DA:200,6
DA:201,0
DA:210,3
DA:211,3
DA:212,6
DA:213,1
DA:215,1
DA:216,1
DA:217,1
DA:218,1
DA:219,1
DA:221,0
DA:222,1
DA:223,3
DA:226,0
DA:227,0
DA:228,0
DA:229,0
DA:231,1
DA:232,2
DA:233,1
DA:235,2
DA:241,1
DA:242,1
DA:243,1
DA:244,1
DA:248,1
DA:249,1
DA:251,1
DA:253,0
DA:254,1
DA:258,1
DA:259,1
DA:260,1
DA:261,1
DA:265,1
DA:266,2
DA:267,1
DA:268,0
DA:270,5
DA:271,2
DA:272,2
DA:273,3
DA:274,3
DA:275,4
DA:276,0
DA:277,0
DA:278,0
DA:279,0
DA:280,0
DA:282,0
DA:291,3
DA:292,3
DA:295,3
DA:298,3
DA:299,0
DA:300,0
DA:301,0
DA:302,0
LF:170
LH:102
end_of_record
SF:lib\utils\permission_util.dart
DA:2,4
DA:9,4
DA:10,6
DA:13,2
DA:14,4
DA:17,4
DA:18,4
DA:19,8
DA:20,4
DA:21,16
DA:23,20
DA:25,4
DA:26,8
DA:27,4
DA:28,8
DA:29,12
DA:32,4
DA:35,2
DA:36,4
DA:39,2
DA:40,4
DA:43,2
DA:46,4
DA:47,2
DA:48,3
DA:49,1
DA:57,2
DA:58,8
DA:60,2
DA:62,1
DA:64,4
DA:67,2
DA:68,2
DA:70,10
DA:71,2
DA:73,6
DA:75,1
DA:78,4
DA:79,4
DA:82,6
DA:85,4
DA:86,4
DA:90,2
DA:91,14
DA:92,2
LF:45
LH:45
end_of_record
SF:lib\app\entity_list_screen.dart
DA:12,5
DA:25,5
DA:26,5
DA:55,5
DA:57,5
DA:58,15
DA:59,5
DA:62,0
DA:63,0
DA:66,5
DA:68,15
DA:69,10
DA:70,5
DA:73,5
DA:74,10
DA:75,5
DA:76,5
DA:79,25
DA:80,25
DA:81,15
DA:82,10
DA:83,20
DA:85,25
DA:86,5
DA:87,5
DA:88,10
DA:89,4
DA:92,5
DA:93,5
DA:95,6
DA:96,5
DA:97,1
DA:99,6
DA:100,1
DA:101,1
DA:102,5
DA:103,0
DA:106,5
DA:107,10
DA:108,5
DA:109,5
DA:110,5
DA:111,5
DA:112,5
DA:113,15
DA:114,15
DA:115,15
DA:116,10
DA:117,5
DA:118,8
DA:120,5
DA:123,1
DA:124,3
DA:125,4
DA:127,5
DA:128,15
DA:133,2
DA:134,4
DA:135,0
DA:138,6
DA:140,6
DA:141,4
DA:142,11
DA:144,1
DA:145,3
DA:147,1
DA:148,3
DA:149,3
DA:152,2
DA:153,6
DA:158,0
DA:159,0
DA:160,0
DA:161,0
DA:163,0
DA:165,0
DA:169,2
DA:171,8
DA:172,6
DA:173,2
DA:174,4
DA:175,8
DA:177,2
DA:179,4
DA:181,2
DA:185,1
DA:186,7
DA:189,2
DA:190,6
DA:191,6
DA:193,6
DA:194,10
DA:196,1
DA:197,4
DA:198,1
DA:200,1
DA:201,4
DA:205,1
DA:206,1
DA:207,1
DA:208,2
DA:211,2
DA:213,8
DA:214,6
DA:215,2
DA:216,8
DA:219,1
DA:220,1
DA:221,2
DA:222,2
DA:223,1
DA:224,6
DA:226,1
DA:229,1
DA:230,2
DA:231,1
DA:232,5
DA:235,1
DA:236,3
DA:237,1
DA:238,2
DA:239,2
DA:240,2
DA:241,2
DA:244,2
DA:248,0
DA:249,0
DA:253,5
DA:254,5
DA:255,5
DA:258,5
DA:259,5
DA:261,5
DA:264,5
DA:265,5
DA:266,25
DA:267,20
DA:275,0
DA:277,0
DA:280,5
DA:283,1
DA:284,1
DA:285,1
DA:287,1
DA:289,1
DA:290,1
DA:293,5
DA:296,3
DA:303,1
DA:304,1
DA:305,1
DA:307,1
DA:309,1
DA:310,1
DA:313,4
DA:316,1
DA:317,1
DA:319,5
DA:320,4
DA:324,3
DA:331,5
DA:333,6
DA:334,1
DA:336,1
DA:337,6
DA:338,4
DA:342,10
DA:343,5
DA:345,5
DA:346,30
DA:347,10
DA:351,5
DA:352,5
DA:354,0
DA:357,20
DA:358,5
DA:359,15
DA:360,15
DA:361,5
DA:362,15
DA:363,30
DA:364,10
DA:365,5
DA:367,5
DA:368,5
DA:371,5
DA:373,5
DA:374,5
DA:375,5
DA:376,5
DA:377,30
DA:379,5
DA:380,2
DA:381,10
DA:385,10
DA:386,5
DA:387,5
DA:388,10
DA:389,5
DA:390,5
DA:391,5
DA:392,5
DA:393,5
DA:396,1
DA:397,1
DA:398,1
DA:401,5
DA:402,5
DA:403,5
DA:404,10
DA:405,10
DA:407,5
DA:408,20
DA:410,5
DA:411,10
DA:412,10
DA:416,5
DA:417,10
DA:418,5
DA:419,16
DA:421,5
DA:422,1
DA:423,1
DA:424,4
DA:425,3
DA:428,9
DA:429,2
DA:430,8
DA:431,6
DA:433,5
DA:434,6
DA:435,5
DA:437,5
DA:438,7
DA:439,2
DA:440,4
DA:441,4
DA:443,2
DA:444,6
DA:445,4
DA:447,2
DA:448,2
DA:449,4
DA:451,2
DA:452,1
DA:456,4
DA:459,5
DA:460,5
DA:461,0
DA:462,10
DA:464,5
DA:465,0
DA:466,0
DA:467,0
DA:469,5
DA:470,0
DA:471,0
DA:472,0
DA:474,0
DA:475,0
DA:476,0
DA:477,0
DA:478,0
DA:479,0
DA:480,0
DA:481,0
DA:483,0
DA:489,0
DA:491,5
DA:492,0
DA:493,0
DA:494,0
DA:495,0
DA:498,0
DA:502,5
DA:503,0
DA:505,1
DA:506,5
DA:507,5
DA:509,5
DA:510,15
DA:511,5
DA:513,5
DA:514,5
DA:515,5
DA:516,0
DA:517,0
DA:518,0
DA:520,0
DA:521,0
DA:524,15
DA:526,5
DA:528,5
DA:529,5
DA:530,10
DA:533,0
DA:534,0
DA:535,0
DA:537,0
DA:539,0
DA:546,5
DA:549,10
DA:550,5
DA:551,5
DA:552,0
DA:554,5
DA:555,5
DA:557,5
DA:558,10
DA:559,5
DA:560,20
DA:561,20
DA:562,5
DA:563,5
DA:566,5
DA:567,5
DA:568,5
DA:569,2
DA:570,2
DA:571,4
DA:573,4
DA:575,6
DA:579,5
DA:580,25
DA:582,15
DA:583,10
DA:584,10
DA:585,5
DA:586,5
DA:587,5
DA:588,0
DA:589,0
DA:590,0
DA:592,4
DA:594,0
DA:595,5
DA:596,5
DA:597,2
DA:598,2
DA:600,2
DA:602,0
DA:606,5
DA:607,5
DA:608,10
DA:609,5
DA:610,5
DA:612,5
DA:613,15
DA:614,5
DA:615,5
DA:618,5
DA:623,5
LF:352
LH:298
end_of_record
SF:lib\metadata_contract.dart
DA:2,18
DA:32,16
DA:33,16
DA:34,16
DA:35,16
DA:36,16
DA:37,32
DA:38,32
DA:39,16
DA:40,16
DA:41,16
DA:42,60
DA:43,16
DA:44,16
DA:45,16
DA:46,16
DA:47,0
DA:48,0
DA:52,2
DA:53,2
DA:54,2
DA:55,2
DA:56,2
DA:57,2
DA:58,2
DA:59,2
DA:60,2
DA:61,2
DA:62,1
DA:63,1
DA:64,3
DA:65,1
DA:70,11
DA:80,11
DA:81,11
DA:82,11
DA:83,22
DA:84,11
DA:85,88
DA:87,11
DA:88,11
DA:89,22
DA:96,14
DA:100,12
DA:104,11
DA:105,11
DA:106,22
DA:112,18
DA:128,18
DA:129,18
DA:130,18
DA:131,18
DA:132,18
DA:133,18
DA:134,54
DA:135,18
DA:136,19
DA:137,22
DA:138,18
DA:139,20
DA:142,22
DA:146,98
DA:150,11
DA:172,11
DA:173,11
DA:174,11
DA:175,11
DA:176,22
DA:177,22
DA:178,11
DA:179,11
DA:180,11
DA:181,22
DA:182,11
DA:186,56
DA:190,15
DA:195,11
DA:196,11
DA:197,33
DA:198,33
DA:199,22
DA:205,14
DA:206,28
DA:207,14
DA:210,21
DA:212,10
DA:213,10
DA:214,23
DA:218,27
DA:219,18
DA:220,9
DA:226,12
DA:227,36
DA:228,24
DA:229,10
DA:232,10
DA:235,11
DA:236,33
DA:237,33
DA:238,22
DA:239,11
DA:240,12
DA:247,1
DA:248,3
DA:249,3
DA:250,2
DA:251,2
DA:258,12
DA:260,26
DA:261,4
DA:262,2
DA:263,2
DA:264,2
DA:265,2
DA:266,2
DA:267,4
DA:268,4
DA:270,2
DA:277,11
DA:278,22
DA:279,11
DA:282,12
DA:283,24
DA:284,12
DA:287,12
DA:288,12
DA:289,24
DA:290,60
DA:292,36
DA:293,48
DA:296,2
DA:297,6
DA:298,2
DA:300,4
DA:301,2
DA:302,2
DA:303,4
DA:305,4
DA:308,4
DA:309,3
DA:310,2
DA:311,0
DA:319,8
DA:324,6
DA:325,36
DA:328,6
DA:329,14
DA:330,7
DA:331,2
DA:333,15
DA:334,10
DA:335,10
DA:341,8
DA:342,24
DA:343,16
DA:344,7
DA:345,7
DA:351,7
DA:352,21
DA:353,14
DA:354,7
DA:355,2
DA:361,2
DA:362,6
DA:363,4
DA:364,2
DA:365,2
DA:371,7
DA:377,2
DA:378,4
DA:379,10
DA:380,1
DA:385,7
DA:389,29
DA:390,7
DA:391,4
DA:392,2
DA:393,16
DA:395,2
DA:398,6
DA:403,12
DA:405,1
DA:406,2
DA:407,2
DA:408,4
DA:410,2
DA:414,14
DA:415,28
DA:416,42
DA:417,28
DA:418,14
LF:191
LH:188
end_of_record
SF:lib\theme\app_tokens.dart
DA:8,6
DA:251,25
DA:253,2
DA:255,24
DA:282,1
DA:321,1
DA:322,0
DA:323,1
DA:324,1
DA:325,1
DA:326,1
DA:327,1
DA:328,1
DA:329,1
DA:330,1
DA:331,1
DA:332,1
DA:333,1
DA:334,1
DA:335,1
DA:336,1
DA:337,1
DA:338,1
DA:339,1
DA:340,1
DA:341,1
DA:342,1
DA:343,1
DA:344,1
DA:345,1
DA:346,1
DA:347,1
DA:348,1
DA:349,1
DA:350,1
DA:351,1
DA:352,1
DA:353,1
DA:354,1
DA:355,1
DA:356,1
DA:357,1
DA:361,3
DA:363,3
DA:364,3
DA:365,9
DA:366,9
DA:367,9
DA:368,9
DA:369,9
DA:370,9
DA:371,9
DA:372,9
DA:373,9
DA:374,9
DA:375,9
DA:376,9
DA:377,9
DA:378,9
DA:379,9
DA:380,9
DA:381,9
DA:382,9
DA:383,9
DA:384,9
DA:385,9
DA:386,9
DA:387,9
DA:388,9
DA:389,9
DA:390,9
DA:391,9
DA:392,9
DA:393,9
DA:394,9
DA:395,9
DA:396,9
DA:397,9
DA:398,9
DA:399,9
DA:400,6
DA:406,19
DA:407,38
LF:83
LH:82
end_of_record
SF:lib\utils\field_display.dart
DA:5,14
DA:12,14
DA:15,24
DA:16,10
DA:18,10
DA:19,10
DA:22,10
DA:24,8
DA:26,8
DA:29,10
DA:30,1
DA:32,10
DA:33,2
DA:35,20
DA:36,6
DA:38,10
DA:41,9
DA:48,9
DA:51,9
DA:52,2
DA:54,8
DA:55,1
DA:56,4
DA:58,8
DA:59,1
DA:61,8
DA:64,8
LF:27
LH:27
end_of_record
SF:lib\app\entity_record_screen.dart
DA:37,10
DA:57,10
DA:58,10
DA:132,10
DA:134,10
DA:135,30
DA:136,30
DA:137,30
DA:138,40
DA:139,10
DA:140,4
DA:144,19
DA:145,18
DA:149,1
DA:150,3
DA:153,10
DA:155,30
DA:156,30
DA:157,10
DA:159,20
DA:160,20
DA:161,20
DA:162,10
DA:165,10
DA:166,50
DA:167,30
DA:168,10
DA:169,60
DA:170,20
DA:171,30
DA:175,0
DA:176,0
DA:179,10
DA:180,10
DA:181,10
DA:182,20
DA:183,20
DA:184,10
DA:185,10
DA:186,14
DA:188,10
DA:191,0
DA:192,0
DA:193,0
DA:194,0
DA:197,0
DA:198,0
DA:199,0
DA:200,0
DA:201,0
DA:202,0
DA:203,0
DA:205,0
DA:206,0
DA:207,0
DA:209,0
DA:210,0
DA:211,0
DA:212,0
DA:213,0
DA:214,0
DA:218,0
DA:219,0
DA:220,0
DA:222,0
DA:223,0
DA:224,0
DA:225,0
DA:226,0
DA:228,0
DA:229,0
DA:230,0
DA:231,0
DA:232,0
DA:233,0
DA:234,0
DA:236,0
DA:239,0
DA:240,0
DA:242,0
DA:243,0
DA:248,10
DA:249,30
DA:250,0
DA:251,0
DA:254,20
DA:255,20
DA:259,5
DA:260,5
DA:261,5
DA:262,4
DA:264,5
DA:265,6
DA:267,5
DA:268,12
DA:269,3
DA:272,0
DA:274,12
DA:277,5
DA:278,5
DA:279,5
DA:280,15
DA:281,10
DA:284,10
DA:288,5
DA:289,10
DA:290,4
DA:291,8
DA:292,0
DA:295,13
DA:296,12
DA:299,9
DA:300,9
DA:303,11
DA:304,4
DA:307,3
DA:312,10
DA:313,20
DA:314,5
DA:316,9
DA:319,10
DA:320,30
DA:321,10
DA:322,20
DA:323,10
DA:324,10
DA:325,10
DA:327,16
DA:332,10
DA:338,30
DA:339,10
DA:340,5
DA:341,9
DA:342,9
DA:344,9
DA:346,9
DA:347,54
DA:348,9
DA:349,9
DA:351,9
DA:354,9
DA:361,10
DA:365,5
DA:366,5
DA:367,5
DA:368,2
DA:369,4
DA:370,4
DA:371,0
DA:374,5
DA:375,1
DA:376,2
DA:377,4
DA:378,1
DA:380,5
DA:382,0
DA:385,5
DA:386,3
DA:387,6
DA:389,3
DA:390,6
DA:391,0
DA:394,5
DA:395,3
DA:397,3
DA:398,6
DA:401,4
DA:402,0
DA:403,0
DA:404,0
DA:407,4
DA:408,8
DA:409,8
DA:410,4
DA:414,0
DA:415,0
DA:416,0
DA:418,0
DA:419,0
DA:422,1
DA:423,5
DA:424,5
DA:425,5
DA:426,2
DA:427,1
DA:428,1
DA:429,2
DA:430,3
DA:431,2
DA:432,0
DA:433,2
DA:434,4
DA:437,2
DA:438,2
DA:439,1
DA:440,1
DA:444,0
DA:445,0
DA:446,0
DA:447,0
DA:448,0
DA:449,0
DA:450,0
DA:451,0
DA:455,0
DA:456,0
DA:457,0
DA:458,0
DA:459,0
DA:461,0
DA:462,0
DA:465,1
DA:466,5
DA:467,2
DA:468,2
DA:470,1
DA:471,1
DA:474,9
DA:475,27
DA:478,9
DA:479,36
DA:482,9
DA:483,9
DA:484,18
DA:485,9
DA:486,9
DA:487,9
DA:491,1
DA:492,2
DA:493,1
DA:494,1
DA:495,2
DA:496,2
DA:497,1
DA:498,3
DA:499,5
DA:503,1
DA:504,2
DA:505,1
DA:506,1
DA:509,2
DA:510,1
DA:511,3
DA:512,2
DA:513,1
DA:514,1
DA:517,1
DA:518,4
DA:519,1
DA:520,2
DA:522,0
DA:523,0
DA:525,1
DA:526,3
DA:531,1
DA:532,3
DA:533,0
DA:534,0
DA:535,0
DA:540,3
DA:541,3
DA:542,2
DA:543,2
DA:544,1
DA:547,0
DA:548,0
DA:549,0
DA:550,0
DA:555,4
DA:556,8
DA:557,7
DA:560,12
DA:562,6
DA:563,9
DA:566,6
DA:567,6
DA:568,12
DA:570,0
DA:571,0
DA:575,3
DA:576,6
DA:580,9
DA:581,54
DA:582,1
DA:583,1
DA:586,1
DA:587,3
DA:588,1
DA:590,1
DA:593,0
DA:594,0
DA:595,0
DA:597,0
DA:600,0
DA:601,0
DA:602,0
DA:604,0
DA:607,1
DA:608,1
DA:609,0
DA:610,0
DA:611,0
DA:612,0
DA:616,3
DA:620,2
DA:621,3
DA:622,4
DA:624,3
DA:625,1
DA:626,3
DA:627,1
DA:628,1
DA:629,2
DA:630,1
DA:631,3
DA:632,1
DA:635,0
DA:636,0
DA:637,0
DA:638,0
DA:639,0
DA:644,9
DA:645,27
DA:646,1
DA:647,1
DA:650,1
DA:651,1
DA:652,0
DA:653,0
DA:654,0
DA:655,0
DA:660,2
DA:661,3
DA:662,4
DA:664,3
DA:665,2
DA:666,3
DA:667,3
DA:668,1
DA:671,0
DA:672,0
DA:673,0
DA:674,0
DA:675,0
DA:680,9
DA:681,9
DA:682,18
DA:683,9
DA:684,9
DA:685,9
DA:689,9
DA:690,9
DA:691,18
DA:692,9
DA:693,9
DA:694,9
DA:698,9
DA:699,9
DA:700,18
DA:701,9
DA:702,9
DA:703,9
DA:707,1
DA:708,2
DA:709,1
DA:710,1
DA:711,2
DA:712,2
DA:713,1
DA:714,3
DA:715,5
DA:719,1
DA:720,2
DA:721,1
DA:722,1
DA:725,2
DA:726,1
DA:727,3
DA:728,2
DA:729,1
DA:730,1
DA:733,1
DA:734,4
DA:735,1
DA:736,2
DA:738,0
DA:739,0
DA:741,1
DA:742,3
DA:747,1
DA:748,2
DA:749,1
DA:750,1
DA:751,2
DA:752,2
DA:753,1
DA:754,3
DA:755,5
DA:759,1
DA:760,2
DA:761,1
DA:762,1
DA:765,2
DA:766,1
DA:767,3
DA:768,2
DA:769,1
DA:770,1
DA:773,1
DA:774,4
DA:775,1
DA:776,2
DA:778,0
DA:779,0
DA:781,1
DA:782,3
DA:787,1
DA:788,2
DA:789,1
DA:791,2
DA:795,2
DA:796,6
DA:797,1
DA:799,2
DA:802,0
DA:803,0
DA:804,0
DA:806,0
DA:809,1
DA:810,3
DA:811,1
DA:812,1
DA:815,1
DA:816,1
DA:817,3
DA:818,1
DA:820,1
DA:821,2
DA:822,1
DA:823,1
DA:824,1
DA:829,1
DA:830,1
DA:831,0
DA:833,2
DA:834,0
DA:835,0
DA:837,0
DA:841,3
DA:844,2
DA:845,2
DA:846,8
DA:848,2
DA:849,0
DA:850,0
DA:852,0
DA:856,3
DA:859,9
DA:860,9
DA:861,18
DA:862,9
DA:863,9
DA:864,9
DA:865,18
DA:869,9
DA:870,27
DA:871,1
DA:872,2
DA:873,1
DA:874,1
DA:875,1
DA:878,27
DA:879,1
DA:880,2
DA:881,1
DA:882,1
DA:883,1
DA:889,9
DA:890,9
DA:891,18
DA:892,9
DA:893,9
DA:894,9
DA:898,9
DA:899,9
DA:900,18
DA:901,9
DA:902,9
DA:903,9
DA:907,9
DA:908,27
DA:909,2
DA:910,2
DA:911,2
DA:914,1
DA:919,1
DA:920,4
DA:921,2
DA:922,1
DA:923,0
DA:924,1
DA:925,1
DA:927,1
DA:928,2
DA:929,1
DA:930,2
DA:933,1
DA:934,1
DA:935,1
DA:936,1
DA:938,1
DA:943,1
DA:944,2
DA:945,1
DA:946,1
DA:947,2
DA:948,2
DA:949,1
DA:950,3
DA:951,5
DA:955,1
DA:956,2
DA:957,1
DA:958,1
DA:961,2
DA:962,1
DA:963,3
DA:964,2
DA:965,1
DA:966,1
DA:969,1
DA:970,2
DA:972,0
DA:973,0
DA:975,1
DA:976,3
DA:981,2
DA:982,6
DA:983,2
DA:984,4
DA:985,4
DA:993,0
DA:994,0
DA:995,0
DA:999,1
DA:1000,2
DA:1001,3
DA:1002,1
DA:1004,2
DA:1008,3
DA:1009,1
DA:1011,2
DA:1016,1
DA:1017,2
DA:1018,1
DA:1020,3
DA:1024,1
DA:1025,2
DA:1026,1
DA:1028,3
DA:1032,2
DA:1033,6
DA:1036,8
DA:1040,6
DA:1041,2
DA:1042,2
DA:1043,2
DA:1045,2
DA:1047,2
DA:1049,2
DA:1050,12
DA:1052,10
DA:1053,10
DA:1054,10
DA:1061,1
DA:1062,3
DA:1063,1
DA:1064,1
DA:1065,1
DA:1072,2
DA:1073,1
DA:1075,3
DA:1076,1
DA:1077,3
DA:1082,1
DA:1083,2
DA:1086,3
DA:1087,2
DA:1088,2
DA:1089,2
DA:1090,1
DA:1092,1
DA:1099,1
DA:1101,1
DA:1102,1
DA:1103,1
DA:1105,1
DA:1106,1
DA:1107,4
DA:1110,1
DA:1111,1
DA:1114,4
DA:1118,1
DA:1119,1
DA:1122,4
DA:1130,1
DA:1131,3
DA:1132,2
DA:1133,1
DA:1134,1
DA:1135,1
DA:1137,3
DA:1138,2
DA:1139,1
DA:1140,1
DA:1145,1
DA:1146,2
DA:1149,3
DA:1150,1
DA:1151,2
DA:1154,1
DA:1155,2
DA:1158,1
DA:1160,2
DA:1161,1
DA:1162,1
DA:1163,1
DA:1164,4
DA:1169,9
DA:1170,9
DA:1171,27
DA:1172,4
DA:1175,9
DA:1176,36
DA:1179,9
DA:1186,27
DA:1188,3
DA:1189,2
DA:1190,1
DA:1192,0
DA:1196,27
DA:1198,6
DA:1199,2
DA:1200,1
DA:1202,2
DA:1207,4
DA:1209,12
DA:1210,12
DA:1211,12
DA:1213,0
DA:1214,0
DA:1218,9
DA:1219,18
DA:1220,9
DA:1222,9
DA:1224,18
DA:1225,9
DA:1226,9
DA:1227,9
DA:1228,9
DA:1229,18
DA:1230,18
DA:1231,18
DA:1232,18
DA:1233,18
DA:1234,9
DA:1235,9
DA:1236,18
DA:1237,18
DA:1238,9
DA:1239,18
DA:1240,9
DA:1241,18
DA:1242,9
DA:1243,9
DA:1244,18
DA:1245,9
DA:1246,18
DA:1247,9
DA:1248,9
DA:1249,9
DA:1250,9
DA:1253,45
DA:1254,45
DA:1255,45
DA:1256,45
DA:1257,18
DA:1258,45
DA:1259,18
DA:1260,18
DA:1261,9
DA:1262,9
DA:1263,9
DA:1265,9
DA:1266,4
DA:1268,45
DA:1269,27
DA:1270,1
DA:1272,45
DA:1273,9
DA:1274,1
DA:1276,45
DA:1277,9
DA:1278,1
DA:1280,45
DA:1281,9
DA:1285,1
DA:1286,2
DA:1289,10
DA:1290,8
DA:1292,45
DA:1293,18
DA:1294,9
DA:1295,9
DA:1296,9
DA:1297,9
DA:1298,9
DA:1299,9
DA:1305,10
DA:1306,28
DA:1308,9
DA:1313,9
DA:1314,18
DA:1315,9
DA:1318,0
DA:1320,0
DA:1322,0
DA:1324,0
DA:1329,10
DA:1330,10
DA:1331,16
DA:1333,9
DA:1334,18
DA:1336,0
DA:1339,10
DA:1341,10
DA:1342,10
DA:1343,10
DA:1344,10
DA:1345,0
DA:1346,0
DA:1347,0
DA:1350,10
DA:1351,10
DA:1352,30
DA:1353,10
DA:1354,10
DA:1357,10
DA:1363,10
DA:1364,10
DA:1365,0
DA:1366,0
DA:1367,0
DA:1370,40
DA:1371,10
DA:1372,10
DA:1373,10
DA:1374,10
DA:1375,10
DA:1377,10
DA:1378,0
DA:1379,0
DA:1380,0
DA:1381,0
DA:1383,0
DA:1384,0
DA:1387,0
DA:1394,10
DA:1395,10
DA:1396,20
DA:1397,20
DA:1399,10
DA:1400,10
DA:1403,10
DA:1404,30
DA:1405,10
DA:1406,28
DA:1407,11
DA:1408,1
DA:1409,1
DA:1410,4
DA:1412,1
DA:1413,3
DA:1414,2
DA:1417,18
DA:1418,1
DA:1420,3
DA:1421,3
DA:1422,1
DA:1423,3
DA:1424,3
DA:1426,1
DA:1427,1
DA:1428,4
DA:1429,3
DA:1430,1
DA:1431,1
DA:1432,4
DA:1433,4
DA:1436,1
DA:1437,1
DA:1438,3
DA:1439,2
DA:1444,9
DA:1446,9
DA:1447,9
DA:1448,9
DA:1450,9
DA:1451,9
DA:1452,9
DA:1453,36
DA:1454,18
DA:1457,18
DA:1458,27
DA:1459,0
DA:1460,0
DA:1461,0
DA:1462,0
DA:1463,0
DA:1464,0
DA:1471,9
DA:1472,5
DA:1475,9
DA:1476,9
DA:1477,9
DA:1478,9
DA:1479,27
DA:1480,9
DA:1481,27
DA:1482,9
DA:1483,3
DA:1484,9
DA:1485,1
DA:1486,2
DA:1487,1
DA:1489,2
DA:1491,9
DA:1492,1
DA:1493,2
DA:1494,1
DA:1496,2
DA:1498,9
DA:1499,1
DA:1500,1
DA:1501,2
DA:1503,9
DA:1504,2
DA:1505,2
DA:1506,4
DA:1508,9
DA:1509,2
DA:1510,2
DA:1512,2
DA:1513,2
DA:1514,4
DA:1517,9
DA:1518,1
DA:1519,1
DA:1520,2
DA:1522,9
DA:1523,1
DA:1524,1
DA:1525,2
DA:1527,9
DA:1528,1
DA:1529,2
DA:1530,1
DA:1532,2
DA:1534,9
DA:1535,1
DA:1536,2
DA:1537,1
DA:1539,2
DA:1541,9
DA:1542,4
DA:1543,0
DA:1544,0
DA:1545,0
DA:1546,0
DA:1547,0
DA:1548,0
DA:1549,0
DA:1550,0
DA:1553,8
DA:1557,9
DA:1558,0
DA:1560,0
DA:1562,9
DA:1563,0
DA:1565,0
DA:1567,9
DA:1568,0
DA:1570,0
DA:1572,9
DA:1573,0
DA:1575,0
DA:1577,9
DA:1578,0
DA:1582,9
DA:1583,45
DA:1585,18
DA:1586,18
DA:1588,9
DA:1589,9
DA:1590,9
DA:1591,9
DA:1592,9
DA:1594,18
DA:1600,18
DA:1601,29
DA:1602,10
DA:1604,5
DA:1605,1
DA:1606,0
DA:1607,2
DA:1608,0
DA:1610,0
DA:1612,1
DA:1613,3
DA:1614,1
DA:1617,10
DA:1619,5
DA:1620,1
DA:1621,0
DA:1622,2
DA:1623,1
DA:1625,2
DA:1627,1
DA:1628,3
DA:1629,1
DA:1632,27
DA:1633,29
DA:1635,10
DA:1636,7
DA:1637,1
DA:1638,2
DA:1639,2
DA:1642,28
DA:1644,5
DA:1645,1
DA:1646,0
DA:1647,2
DA:1648,0
DA:1650,0
DA:1653,2
DA:1654,2
DA:1656,4
DA:1657,4
DA:1661,9
DA:1662,45
DA:1663,18
DA:1664,0
DA:1666,45
DA:1667,18
DA:1668,2
DA:1670,4
DA:1671,1
DA:1672,1
DA:1674,1
DA:1676,0
DA:1677,0
DA:1678,0
DA:1680,0
DA:1681,0
DA:1689,45
DA:1690,18
DA:1691,0
DA:1693,0
DA:1694,0
DA:1697,13
DA:1698,20
DA:1699,8
DA:1700,4
DA:1702,8
DA:1705,0
DA:1706,0
DA:1708,0
DA:1709,0
DA:1712,8
DA:1713,0
DA:1714,0
DA:1715,0
DA:1716,0
DA:1718,0
DA:1721,9
DA:1722,9
DA:1723,18
DA:1725,9
DA:1726,9
DA:1727,18
DA:1729,9
DA:1730,0
DA:1731,0
DA:1732,0
DA:1733,0
DA:1734,0
DA:1735,0
DA:1737,0
DA:1738,0
DA:1740,18
DA:1743,8
DA:1744,20
DA:1746,24
DA:1747,10
DA:1748,10
DA:1750,5
DA:1751,5
DA:1752,5
DA:1753,5
DA:1754,5
DA:1756,5
DA:1762,7
DA:1763,5
DA:1764,4
DA:1765,4
DA:1766,8
DA:1769,5
DA:1770,0
DA:1773,5
DA:1774,1
DA:1775,0
DA:1776,0
DA:1777,0
DA:1779,2
DA:1781,5
DA:1782,10
DA:1783,5
DA:1785,5
DA:1786,9
DA:1787,5
DA:1788,0
LF:1031
LH:818
end_of_record
SF:lib\utils\record_headline.dart
DA:5,14
DA:18,9
DA:19,18
DA:20,9
DA:22,3
DA:25,39
DA:28,14
DA:38,6
DA:39,6
DA:40,6
DA:46,39
DA:49,13
DA:50,35
DA:51,7
DA:52,6
DA:54,7
DA:55,7
DA:57,6
DA:59,8
DA:60,10
DA:61,2
DA:62,0
DA:64,8
DA:65,2
DA:66,2
DA:67,2
DA:68,1
DA:69,3
DA:71,8
DA:72,15
DA:73,3
DA:74,3
DA:76,7
DA:77,4
DA:78,2
DA:79,3
DA:81,6
DA:82,2
DA:83,1
DA:84,0
DA:86,6
DA:87,5
DA:88,1
DA:89,0
DA:91,6
DA:92,4
DA:93,2
DA:94,3
DA:96,4
DA:97,2
DA:100,5
DA:101,5
DA:102,1
DA:103,0
DA:105,5
DA:106,4
DA:107,2
DA:108,0
DA:110,5
DA:111,4
DA:112,2
DA:113,0
DA:115,5
DA:116,6
DA:117,3
DA:118,0
DA:120,3
DA:121,6
DA:122,3
DA:123,0
DA:125,1
DA:126,5
DA:127,1
DA:128,0
DA:130,1
DA:131,5
DA:132,1
DA:133,0
DA:135,1
DA:136,5
DA:137,1
DA:138,0
DA:140,1
DA:141,5
DA:142,1
DA:143,0
DA:147,13
DA:148,13
DA:151,13
DA:152,13
LF:90
LH:78
end_of_record
SF:lib\utils\record_lifecycle_util.dart
DA:3,12
DA:4,12
DA:6,12
DA:9,12
DA:10,24
DA:13,12
DA:14,24
LF:7
LH:7
end_of_record
SF:lib\utils\order_line_util.dart
DA:4,4
DA:5,4
DA:8,4
DA:11,3
DA:12,3
DA:13,6
DA:14,6
DA:15,3
DA:18,6
DA:23,4
DA:24,12
DA:27,4
DA:28,4
DA:29,8
DA:33,4
DA:34,12
DA:38,4
DA:39,12
DA:42,3
DA:43,12
DA:46,4
DA:47,16
LF:22
LH:22
end_of_record
SF:lib\utils\journal_entry_util.dart
DA:10,1
DA:15,4
DA:16,1
DA:19,1
DA:20,3
DA:24,1
DA:28,4
DA:31,1
DA:37,1
DA:38,1
DA:41,1
DA:50,1
DA:55,1
DA:58,1
DA:67,1
DA:68,1
DA:71,1
DA:74,1
DA:75,1
DA:76,2
DA:77,2
DA:78,1
DA:79,2
DA:85,1
DA:89,3
DA:92,9
DA:98,0
DA:99,10
DA:102,2
DA:105,9
DA:111,0
DA:112,10
DA:115,2
DA:118,9
DA:124,9
LF:35
LH:33
end_of_record
SF:lib\utils\payment_util.dart
DA:11,4
DA:22,4
DA:23,8
DA:26,4
DA:27,12
DA:30,10
DA:31,20
DA:34,4
DA:38,4
DA:39,6
DA:40,6
DA:41,3
DA:42,6
DA:43,2
DA:44,3
DA:46,3
DA:47,6
DA:48,6
DA:49,3
DA:50,6
DA:51,1
DA:52,3
DA:57,11
DA:63,4
DA:64,14
DA:67,6
DA:70,3
DA:73,11
DA:79,4
DA:80,15
DA:83,8
DA:84,8
DA:87,4
DA:90,3
DA:94,3
DA:95,3
DA:96,6
DA:97,6
DA:102,2
DA:106,2
DA:107,2
DA:108,4
DA:109,4
DA:114,2
DA:120,8
DA:121,2
DA:124,2
DA:128,2
DA:131,2
DA:135,2
DA:138,10
DA:139,10
DA:142,10
DA:143,10
DA:146,1
DA:147,2
DA:150,2
DA:151,6
DA:152,4
DA:155,2
DA:156,6
DA:157,2
DA:160,2
DA:165,2
DA:168,2
DA:171,2
DA:175,2
DA:176,2
DA:179,4
DA:181,0
DA:183,2
LF:71
LH:70
end_of_record
SF:lib\utils\purchase_order_util.dart
DA:7,2
DA:8,4
DA:9,4
DA:12,10
DA:19,2
DA:20,12
DA:23,2
DA:26,2
DA:29,2
DA:35,2
DA:36,4
DA:39,2
DA:42,2
DA:47,8
DA:48,2
DA:51,1
DA:52,3
DA:56,1
DA:57,3
DA:61,1
DA:62,3
LF:21
LH:21
end_of_record
SF:lib\utils\sales_order_util.dart
DA:7,3
DA:13,4
DA:14,6
DA:17,6
DA:18,3
DA:21,3
DA:26,12
DA:27,3
DA:30,1
DA:31,3
DA:35,1
DA:36,3
DA:40,1
DA:41,3
LF:14
LH:14
end_of_record
SF:lib\utils\stock_movement_util.dart
DA:3,11
DA:9,4
DA:10,11
DA:11,3
DA:13,6
DA:16,3
DA:20,15
LF:7
LH:7
end_of_record
SF:lib\utils\export_util.dart
DA:4,4
DA:11,1
DA:17,1
DA:19,1
DA:20,1
DA:21,1
DA:22,1
DA:25,1
DA:26,1
DA:27,1
DA:30,2
DA:34,1
DA:39,2
DA:40,2
DA:42,2
DA:44,2
DA:46,1
DA:47,1
DA:48,5
DA:50,1
DA:51,1
DA:62,1
DA:65,1
LF:23
LH:23
end_of_record
SF:lib\utils\organization_profile_util.dart
DA:2,17
DA:20,17
DA:27,17
DA:68,14
DA:69,14
DA:70,15
DA:71,15
DA:72,15
DA:73,15
DA:74,15
DA:75,15
DA:79,14
DA:80,14
DA:81,18
DA:82,18
DA:87,14
DA:91,14
DA:92,13
DA:93,12
DA:94,14
DA:95,28
DA:96,28
DA:97,28
DA:98,28
DA:99,28
DA:100,28
DA:101,28
DA:102,28
DA:103,28
DA:104,28
DA:105,14
DA:106,28
DA:107,28
DA:108,28
DA:109,28
DA:110,28
DA:111,28
DA:112,28
DA:117,1
DA:118,1
DA:119,2
DA:120,2
DA:121,2
DA:122,2
DA:123,2
DA:124,2
DA:125,4
DA:126,1
DA:129,6
DA:132,2
DA:133,6
DA:134,2
DA:135,2
DA:139,2
DA:140,2
DA:141,2
DA:142,2
DA:143,2
DA:144,2
DA:145,2
DA:146,2
DA:147,4
DA:148,4
DA:149,4
DA:150,4
DA:151,4
DA:152,4
DA:153,6
DA:158,2
DA:162,2
DA:164,4
DA:165,4
DA:170,3
DA:171,3
DA:172,6
DA:173,6
DA:174,6
DA:175,6
DA:176,6
DA:177,6
DA:178,3
DA:179,9
DA:180,9
DA:181,9
DA:182,9
DA:183,9
DA:184,9
DA:186,15
DA:187,15
DA:188,18
DA:189,3
DA:190,6
DA:191,6
DA:192,6
DA:193,15
DA:194,15
DA:195,15
DA:196,3
DA:201,1
DA:202,1
DA:203,1
DA:206,1
DA:207,2
DA:210,1
LF:104
LH:104
end_of_record
SF:lib\utils\workflow_enabled_util.dart
DA:1,11
DA:3,11
DA:4,20
DA:8,11
DA:9,22
DA:10,12
DA:11,11
DA:12,22
DA:13,12
DA:21,20
LF:10
LH:10
end_of_record
SF:lib\widgets\currency_field.dart
DA:8,5
DA:19,5
DA:21,10
DA:22,5
DA:23,5
DA:24,5
DA:25,5
DA:26,5
DA:30,5
DA:31,10
DA:38,1
DA:49,1
DA:51,1
DA:52,1
DA:53,1
DA:54,1
DA:60,1
LF:17
LH:17
end_of_record
SF:lib\widgets\document_preview_dialog.dart
DA:8,1
DA:14,1
DA:16,2
DA:25,1
DA:35,1
DA:36,1
DA:48,1
DA:50,1
DA:51,3
DA:54,1
DA:55,2
DA:56,1
DA:57,1
DA:58,1
DA:61,3
DA:62,1
DA:64,5
DA:65,2
DA:66,3
DA:67,1
DA:68,4
DA:69,2
DA:70,1
DA:71,2
DA:72,1
DA:75,1
DA:76,2
DA:77,3
DA:78,1
DA:79,0
DA:80,1
DA:85,0
DA:86,0
DA:87,0
DA:90,1
DA:92,1
DA:93,1
DA:94,0
DA:95,0
DA:96,0
DA:97,0
DA:98,0
DA:99,0
DA:103,1
DA:104,2
DA:105,0
DA:107,1
DA:110,0
DA:111,0
DA:112,0
DA:113,0
DA:114,0
DA:115,0
DA:116,0
DA:120,1
DA:121,1
DA:124,1
DA:125,1
DA:126,1
DA:127,2
DA:130,1
DA:131,1
DA:132,1
DA:133,1
DA:136,1
DA:137,0
DA:141,1
DA:143,1
DA:144,2
DA:145,1
DA:147,0
DA:153,1
DA:155,2
DA:157,1
DA:158,1
DA:159,1
DA:160,1
DA:161,1
DA:162,2
DA:163,1
DA:164,1
DA:168,4
DA:169,1
DA:171,1
DA:172,2
DA:173,1
DA:179,1
DA:181,1
DA:182,1
DA:185,1
DA:186,3
DA:187,0
DA:188,0
DA:189,0
DA:190,0
DA:192,0
DA:193,0
DA:194,0
DA:195,0
DA:196,0
DA:199,0
DA:200,0
DA:202,2
DA:203,0
DA:204,1
DA:205,1
DA:206,1
DA:208,1
DA:209,1
DA:210,1
DA:213,2
DA:218,1
DA:219,1
DA:220,1
DA:221,6
DA:223,1
DA:224,0
DA:225,2
DA:230,1
DA:235,1
DA:236,3
DA:237,1
DA:238,1
DA:239,2
DA:241,1
DA:242,0
DA:243,2
LF:127
LH:93
end_of_record
SF:lib\widgets\emcap_badge.dart
DA:9,10
DA:18,9
DA:20,9
DA:21,18
DA:22,9
DA:23,27
DA:24,9
DA:26,18
DA:28,9
DA:29,18
DA:30,9
DA:31,9
DA:40,9
DA:42,9
DA:43,16
DA:44,4
DA:45,8
DA:46,1
DA:47,2
DA:48,1
DA:49,3
DA:56,9
DA:61,9
DA:63,9
DA:64,9
DA:65,9
LF:26
LH:26
end_of_record
SF:lib\widgets\invoice_print_dialog.dart
DA:7,1
DA:13,1
DA:15,1
DA:16,1
DA:17,2
DA:18,1
DA:20,1
DA:21,1
DA:23,1
DA:24,4
DA:25,1
DA:26,1
DA:27,3
DA:31,4
DA:32,1
DA:33,1
DA:34,2
DA:36,1
DA:38,1
DA:39,1
DA:41,1
DA:42,1
DA:43,3
DA:46,1
DA:48,2
DA:54,4
DA:56,1
DA:57,1
DA:58,3
DA:65,1
DA:66,1
DA:67,0
DA:68,2
LF:33
LH:32
end_of_record
SF:lib\widgets\lookup_field.dart
DA:9,1
DA:20,1
DA:26,1
DA:28,2
DA:36,1
DA:37,1
DA:46,1
DA:48,1
DA:49,1
DA:52,1
DA:54,2
DA:55,1
DA:58,1
DA:59,2
DA:60,1
DA:61,1
DA:64,3
DA:65,3
DA:66,2
DA:67,1
DA:69,1
DA:70,2
DA:71,1
DA:72,1
DA:75,1
DA:76,2
DA:77,2
DA:78,1
DA:79,2
DA:84,1
DA:86,1
DA:87,5
DA:88,1
DA:90,1
DA:92,1
DA:93,1
DA:94,1
DA:95,1
DA:96,1
DA:99,0
DA:102,1
DA:104,4
DA:106,1
DA:107,1
DA:109,2
DA:111,1
DA:112,1
DA:114,6
DA:116,2
DA:117,0
DA:119,0
DA:122,1
DA:123,1
DA:125,2
DA:126,1
DA:127,2
DA:128,2
DA:129,3
DA:130,1
DA:131,2
DA:133,3
DA:141,1
DA:142,3
DA:143,3
DA:150,4
DA:165,4
DA:166,4
DA:173,4
DA:175,4
DA:176,4
DA:179,1
DA:181,1
DA:182,10
DA:183,0
DA:187,4
DA:188,8
DA:189,12
DA:190,8
DA:191,12
DA:194,12
DA:196,12
DA:197,4
DA:198,8
DA:199,8
DA:200,4
DA:203,0
DA:204,0
DA:205,0
DA:206,0
DA:211,1
DA:212,3
DA:213,1
DA:216,1
DA:217,1
DA:218,2
DA:220,2
DA:222,0
DA:223,0
DA:225,3
DA:229,4
DA:231,4
DA:233,4
DA:234,24
DA:236,4
DA:239,4
DA:240,12
DA:241,4
DA:243,16
DA:246,4
DA:248,4
DA:249,4
DA:250,4
DA:251,24
DA:253,20
DA:254,16
LF:115
LH:105
end_of_record
SF:lib\app\settings_screen.dart
DA:19,4
DA:30,4
DA:31,4
DA:100,4
DA:102,4
DA:103,4
DA:106,4
DA:108,8
DA:109,8
DA:110,8
DA:111,8
DA:112,8
DA:113,8
DA:114,8
DA:115,8
DA:116,8
DA:117,8
DA:118,8
DA:119,8
DA:120,8
DA:121,8
DA:122,8
DA:123,8
DA:124,8
DA:125,8
DA:126,8
DA:127,8
DA:128,8
DA:129,8
DA:130,8
DA:131,8
DA:132,8
DA:133,8
DA:134,4
DA:137,4
DA:138,8
DA:139,4
DA:140,4
DA:143,12
DA:144,12
DA:145,9
DA:146,9
DA:147,9
DA:148,9
DA:149,9
DA:151,6
DA:155,3
DA:157,9
DA:159,6
DA:160,6
DA:161,6
DA:162,6
DA:163,3
DA:167,3
DA:168,6
DA:169,3
DA:170,3
DA:171,6
DA:172,3
DA:173,9
DA:174,3
DA:175,3
DA:176,9
DA:177,9
DA:178,3
DA:179,3
DA:180,3
DA:181,3
DA:182,3
DA:183,3
DA:184,6
DA:185,6
DA:186,6
DA:187,6
DA:188,3
DA:191,6
DA:192,12
DA:193,12
DA:194,3
DA:195,6
DA:196,3
DA:199,2
DA:200,4
DA:201,4
DA:202,2
DA:207,3
DA:208,3
DA:209,3
DA:210,3
DA:213,1
DA:214,2
DA:215,1
DA:216,1
DA:219,3
DA:220,1
DA:221,2
DA:223,1
DA:224,2
DA:225,3
DA:226,2
DA:228,1
DA:230,1
DA:231,2
DA:232,2
DA:237,4
DA:238,8
DA:239,8
DA:240,1
DA:245,4
DA:246,8
DA:247,4
DA:248,3
DA:249,5
DA:250,1
DA:255,0
DA:256,0
DA:257,0
DA:258,0
DA:259,0
DA:262,1
DA:263,3
DA:264,2
DA:265,1
DA:266,1
DA:267,4
DA:268,2
DA:271,3
DA:272,9
DA:273,9
DA:274,9
DA:275,9
DA:276,9
DA:277,9
DA:278,12
DA:279,12
DA:280,12
DA:281,12
DA:282,9
DA:283,9
DA:286,2
DA:287,2
DA:288,6
DA:289,6
DA:290,6
DA:291,6
DA:292,6
DA:293,4
DA:294,4
DA:295,4
DA:296,4
DA:297,4
DA:298,4
DA:299,6
DA:300,6
DA:301,6
DA:302,2
DA:303,4
DA:304,4
DA:306,2
DA:307,4
DA:308,4
DA:310,4
DA:311,4
DA:315,4
DA:316,4
DA:317,8
DA:318,12
DA:322,2
DA:323,4
DA:325,2
DA:326,2
DA:331,2
DA:332,2
DA:336,2
DA:337,2
DA:338,4
DA:339,4
DA:341,2
DA:342,2
DA:343,2
DA:347,2
DA:348,0
DA:349,0
DA:351,0
DA:357,4
DA:358,2
DA:359,2
DA:362,6
DA:363,2
DA:364,4
DA:366,1
DA:367,2
DA:368,4
DA:369,2
DA:372,1
DA:373,2
DA:374,2
DA:377,2
DA:378,6
DA:383,1
DA:384,4
DA:385,3
DA:386,0
DA:387,2
DA:390,2
DA:391,6
DA:392,4
DA:393,8
DA:394,8
DA:395,2
DA:396,8
DA:399,3
DA:400,3
DA:401,3
DA:402,6
DA:403,2
DA:404,2
DA:405,8
DA:406,2
DA:407,2
DA:408,4
DA:410,4
DA:413,2
DA:414,7
DA:415,5
DA:416,4
DA:417,8
DA:418,6
DA:419,2
DA:420,0
DA:422,2
DA:424,2
DA:425,8
DA:428,2
DA:429,7
DA:430,7
DA:431,7
DA:432,7
DA:433,8
DA:434,8
DA:435,8
DA:436,8
DA:437,6
DA:438,2
DA:439,0
DA:441,2
DA:443,14
DA:446,3
DA:447,3
DA:448,3
DA:449,8
DA:451,3
DA:452,3
DA:453,8
DA:454,8
DA:456,3
DA:457,3
DA:458,8
DA:460,3
DA:461,3
DA:462,10
DA:463,6
DA:464,3
DA:467,1
DA:468,3
DA:470,3
DA:471,1
DA:472,2
DA:473,4
DA:476,1
DA:477,4
DA:481,8
DA:483,1
DA:484,2
DA:486,2
DA:487,2
DA:488,2
DA:489,2
DA:490,4
DA:491,2
DA:492,2
DA:495,8
DA:496,8
DA:497,6
DA:498,4
DA:500,2
DA:501,4
DA:502,4
DA:503,4
DA:504,2
DA:505,2
DA:506,2
DA:507,2
DA:508,4
DA:510,4
DA:512,0
DA:513,0
DA:517,4
DA:518,4
DA:519,2
DA:520,3
DA:525,1
DA:526,2
DA:527,1
DA:528,3
DA:529,4
DA:530,4
DA:531,4
DA:532,4
DA:533,1
DA:537,1
DA:538,2
DA:539,1
DA:540,1
DA:541,2
DA:542,2
DA:543,2
DA:544,2
DA:545,1
DA:549,1
DA:551,1
DA:553,0
DA:554,0
DA:555,0
DA:556,0
DA:557,0
DA:560,3
DA:561,3
DA:562,3
DA:563,3
DA:564,2
DA:567,1
DA:568,1
DA:569,3
DA:571,0
DA:572,0
DA:576,0
DA:577,0
DA:579,0
DA:580,0
DA:581,0
DA:582,0
DA:583,0
DA:584,0
DA:588,8
DA:589,4
DA:591,4
DA:592,4
DA:594,4
DA:596,4
DA:597,4
DA:599,4
DA:601,4
DA:602,4
DA:606,4
DA:607,5
DA:609,4
DA:610,8
DA:611,4
DA:612,4
DA:613,4
DA:614,4
DA:615,4
DA:616,8
DA:617,16
DA:618,4
DA:621,4
DA:625,4
DA:626,8
DA:627,4
DA:628,12
DA:629,4
DA:631,4
DA:632,4
DA:634,20
DA:636,4
DA:638,20
DA:645,8
DA:646,4
DA:648,4
DA:649,4
DA:651,4
DA:653,4
DA:654,4
DA:656,4
DA:658,4
DA:659,4
DA:661,4
DA:663,4
DA:664,4
DA:668,4
DA:670,4
DA:671,4
DA:672,4
DA:673,4
DA:676,4
DA:682,4
DA:684,4
DA:685,4
DA:687,4
DA:688,4
DA:690,8
DA:693,4
DA:694,4
DA:696,4
DA:697,8
DA:698,0
DA:699,1
DA:700,2
DA:701,1
DA:702,4
DA:703,3
DA:704,4
DA:705,2
DA:714,8
DA:715,8
DA:716,1
DA:717,3
DA:718,1
DA:719,1
DA:720,1
DA:721,1
DA:722,1
DA:723,1
DA:724,1
DA:725,1
DA:726,3
DA:729,1
DA:730,4
DA:731,4
DA:734,1
DA:735,1
DA:736,1
DA:737,1
DA:738,1
DA:742,1
DA:743,1
DA:744,1
DA:745,1
DA:749,1
DA:750,1
DA:751,1
DA:752,1
DA:756,1
DA:757,1
DA:758,1
DA:759,1
DA:767,4
DA:768,8
DA:769,4
DA:770,20
DA:771,20
DA:772,16
DA:773,8
DA:774,2
DA:776,2
DA:777,12
DA:779,4
DA:780,8
DA:781,12
DA:783,4
DA:785,4
DA:787,4
DA:788,8
DA:791,8
DA:792,4
DA:793,4
DA:794,4
DA:795,2
DA:797,4
DA:798,4
DA:799,4
DA:800,4
DA:802,4
DA:803,4
DA:805,12
DA:806,12
DA:807,12
DA:809,0
DA:811,4
DA:812,4
DA:813,4
DA:814,12
DA:815,12
DA:816,12
DA:817,12
DA:819,0
DA:821,4
DA:822,4
DA:823,4
DA:824,12
DA:825,12
DA:826,12
DA:827,12
DA:828,12
DA:829,12
DA:831,0
DA:833,4
DA:834,4
DA:835,4
DA:836,12
DA:837,12
DA:838,12
DA:839,12
DA:841,0
DA:843,4
DA:844,4
DA:845,4
DA:846,12
DA:847,12
DA:849,0
DA:851,4
DA:852,4
DA:853,4
DA:854,4
DA:856,4
DA:857,4
DA:860,0
DA:862,4
DA:863,4
DA:864,8
DA:865,4
DA:866,4
DA:867,12
DA:871,1
DA:872,2
DA:873,1
DA:874,3
DA:875,1
DA:877,1
DA:878,1
DA:879,3
DA:880,1
DA:881,1
DA:885,4
DA:886,1
DA:887,1
DA:888,0
DA:890,0
DA:895,1
DA:896,1
DA:897,1
DA:898,1
DA:899,1
DA:904,1
DA:905,1
DA:906,1
DA:908,1
DA:909,1
DA:910,1
DA:911,1
DA:916,2
DA:917,2
DA:918,1
DA:919,1
DA:920,3
DA:927,4
DA:928,8
DA:929,4
DA:930,8
DA:931,8
DA:932,4
DA:933,4
DA:934,12
DA:935,4
DA:937,4
DA:938,4
DA:939,4
DA:940,4
DA:941,4
DA:946,4
DA:947,4
DA:948,4
DA:949,4
DA:954,4
DA:955,4
DA:956,4
DA:957,4
DA:962,4
DA:963,4
DA:964,4
DA:965,4
DA:970,4
DA:971,4
DA:973,4
DA:974,4
DA:975,4
DA:976,1
DA:981,5
DA:982,2
DA:983,1
DA:984,1
DA:985,3
DA:988,4
DA:989,4
DA:990,4
DA:991,8
DA:993,9
DA:994,2
DA:995,5
DA:997,8
DA:998,4
DA:999,4
DA:1000,12
DA:1008,4
DA:1009,4
DA:1010,4
DA:1011,12
DA:1013,0
DA:1015,4
DA:1016,4
DA:1017,4
DA:1018,12
DA:1019,12
DA:1021,0
DA:1023,4
DA:1024,8
DA:1025,4
DA:1026,8
DA:1027,4
DA:1028,4
DA:1029,12
DA:1030,4
DA:1032,4
DA:1033,4
DA:1034,4
DA:1035,13
DA:1037,4
DA:1038,4
DA:1039,13
DA:1041,4
DA:1042,4
DA:1043,4
DA:1044,1
DA:1045,4
DA:1047,5
DA:1048,2
DA:1049,2
DA:1051,7
DA:1052,6
DA:1053,3
DA:1054,9
DA:1055,3
DA:1056,3
DA:1060,3
DA:1061,6
DA:1063,6
DA:1066,3
DA:1067,0
DA:1069,0
DA:1072,6
DA:1073,3
DA:1074,3
DA:1075,3
DA:1076,3
DA:1080,6
DA:1081,3
DA:1082,3
DA:1083,6
DA:1086,2
DA:1087,2
DA:1088,6
DA:1090,9
DA:1091,2
DA:1092,5
DA:1094,9
DA:1095,2
DA:1096,5
DA:1098,8
DA:1099,4
DA:1100,4
DA:1101,12
DA:1109,4
DA:1110,8
DA:1111,4
DA:1112,8
DA:1113,8
DA:1114,4
DA:1115,4
DA:1116,12
DA:1117,12
DA:1122,4
DA:1123,8
DA:1124,4
DA:1125,8
DA:1126,4
DA:1127,4
DA:1128,12
DA:1129,4
DA:1131,4
DA:1132,4
DA:1133,4
DA:1134,16
DA:1136,4
DA:1137,4
DA:1138,8
DA:1139,4
DA:1140,0
DA:1142,4
DA:1143,4
DA:1144,4
DA:1146,4
DA:1147,4
DA:1148,12
DA:1150,8
DA:1151,4
DA:1152,4
DA:1153,12
DA:1161,4
DA:1162,8
DA:1163,4
DA:1164,8
DA:1165,8
DA:1166,4
DA:1167,4
DA:1168,12
DA:1169,4
DA:1171,4
DA:1172,4
DA:1174,4
DA:1175,4
DA:1179,8
DA:1180,4
DA:1181,4
DA:1182,8
DA:1184,4
DA:1185,4
DA:1186,16
DA:1188,4
DA:1189,4
DA:1190,8
DA:1191,4
DA:1192,0
DA:1194,4
DA:1195,4
DA:1196,12
DA:1198,8
DA:1199,4
DA:1200,4
DA:1201,12
DA:1209,4
DA:1210,8
DA:1211,4
DA:1212,8
DA:1213,8
DA:1214,4
DA:1215,4
DA:1216,12
DA:1217,4
DA:1219,4
DA:1220,4
DA:1221,4
DA:1222,4
DA:1223,4
DA:1227,8
DA:1228,4
DA:1229,4
DA:1230,4
DA:1231,4
DA:1235,8
DA:1236,4
DA:1237,4
DA:1238,4
DA:1239,4
DA:1243,8
DA:1244,4
DA:1245,4
DA:1247,4
DA:1248,4
DA:1252,8
DA:1253,4
DA:1254,4
DA:1256,4
DA:1257,4
DA:1261,8
DA:1262,4
DA:1263,4
DA:1264,4
DA:1265,4
DA:1268,0
DA:1270,8
DA:1271,4
DA:1272,8
DA:1273,4
DA:1274,0
DA:1277,0
DA:1280,8
DA:1282,10
DA:1283,4
DA:1284,2
DA:1285,2
DA:1286,6
DA:1289,9
DA:1290,2
DA:1291,1
DA:1293,1
DA:1294,1
DA:1295,1
DA:1296,1
DA:1302,2
DA:1303,1
DA:1304,3
DA:1310,8
DA:1311,4
DA:1312,4
DA:1313,12
DA:1315,8
DA:1316,4
DA:1318,4
DA:1320,4
DA:1321,4
DA:1325,8
DA:1326,4
DA:1327,4
DA:1329,4
DA:1330,4
DA:1334,8
DA:1335,4
DA:1336,4
DA:1338,4
DA:1339,4
DA:1343,8
DA:1344,4
DA:1345,4
DA:1347,4
DA:1348,4
DA:1358,4
DA:1359,8
DA:1360,4
DA:1361,8
DA:1362,4
DA:1363,4
DA:1364,12
DA:1365,4
DA:1366,4
DA:1367,4
DA:1368,4
DA:1371,4
DA:1372,4
DA:1375,4
DA:1376,4
DA:1377,4
DA:1378,4
DA:1382,4
DA:1383,4
DA:1384,4
DA:1385,4
DA:1395,20
DA:1396,8
DA:1397,4
DA:1398,8
DA:1399,4
DA:1401,4
DA:1404,4
DA:1405,3
DA:1406,1
DA:1407,1
DA:1408,1
DA:1412,4
DA:1413,4
DA:1414,16
DA:1415,12
DA:1417,12
DA:1418,2
DA:1420,3
DA:1421,5
LF:866
LH:820
end_of_record
SF:lib\utils\document_platform_settings_util.dart
DA:2,5
DA:16,5
DA:17,5
DA:18,5
DA:19,7
DA:20,4
DA:21,7
DA:22,4
LF:8
LH:8
end_of_record
SF:lib\utils\organization_logo_util.dart
DA:8,2
DA:17,3
DA:22,3
DA:23,6
DA:27,3
DA:30,6
DA:31,3
DA:38,3
DA:39,3
DA:43,5
DA:44,5
DA:45,5
DA:48,2
DA:49,4
DA:52,4
DA:56,5
DA:57,5
DA:58,5
DA:61,4
DA:64,5
DA:65,2
DA:69,0
DA:70,0
DA:73,0
DA:74,0
DA:77,0
DA:80,0
DA:81,0
DA:82,0
DA:83,0
DA:86,0
LF:31
LH:21
end_of_record
SF:lib\utils\security_platform_settings_util.dart
DA:5,5
DA:19,5
DA:20,5
DA:21,7
DA:22,5
DA:26,7
LF:6
LH:6
end_of_record
SF:lib\widgets\layout_editor_panel.dart
DA:17,1
DA:31,1
DA:47,5
DA:51,2
DA:52,2
DA:65,2
DA:67,2
DA:68,4
DA:69,2
DA:72,2
DA:74,4
DA:75,2
DA:78,2
DA:80,6
DA:81,1
DA:82,2
DA:83,1
DA:84,3
DA:85,0
DA:88,1
DA:90,1
DA:91,4
DA:95,1
DA:96,2
DA:99,2
DA:100,1
DA:101,1
DA:104,4
DA:105,1
DA:106,1
DA:107,2
DA:109,2
DA:110,2
DA:115,2
DA:116,1
DA:117,2
DA:118,2
DA:119,3
DA:120,1
DA:121,1
DA:122,2
DA:123,2
DA:124,2
DA:125,2
DA:126,2
DA:129,1
DA:130,1
DA:131,5
DA:132,1
DA:133,2
DA:134,2
DA:135,2
DA:136,2
DA:137,2
DA:138,1
DA:141,1
DA:142,1
DA:145,0
DA:146,0
DA:147,0
DA:148,0
DA:153,0
DA:154,0
DA:155,0
DA:158,0
DA:159,0
DA:160,0
DA:164,0
DA:165,0
DA:167,0
DA:168,0
DA:169,0
DA:170,0
DA:172,0
DA:173,0
DA:174,0
DA:175,0
DA:176,0
DA:177,0
DA:178,0
DA:181,0
DA:185,0
DA:186,0
DA:187,0
DA:188,0
DA:189,0
DA:190,0
DA:191,0
DA:192,0
DA:195,0
DA:198,0
DA:199,0
DA:200,0
DA:201,0
DA:203,0
DA:205,0
DA:206,0
DA:210,0
DA:211,0
DA:213,0
DA:214,0
DA:215,0
DA:216,0
DA:217,0
DA:219,0
DA:221,0
DA:222,0
DA:226,1
DA:231,2
DA:232,1
DA:234,1
DA:237,1
DA:238,0
DA:239,0
DA:241,0
DA:248,2
DA:250,2
DA:251,2
DA:253,2
DA:254,10
DA:255,4
DA:256,2
DA:257,11
DA:258,2
DA:259,2
DA:262,9
DA:263,2
DA:265,0
DA:267,0
DA:268,0
DA:271,2
DA:272,0
DA:273,0
DA:275,5
DA:276,2
DA:277,5
DA:279,2
DA:280,2
DA:281,2
DA:282,4
DA:283,4
DA:286,2
DA:288,2
DA:289,2
DA:290,2
DA:291,2
DA:292,4
DA:293,2
DA:294,2
DA:295,1
DA:296,2
DA:297,1
DA:298,1
DA:300,1
DA:301,3
DA:302,1
DA:303,1
DA:304,1
DA:305,0
DA:307,1
DA:308,1
DA:309,1
DA:310,0
DA:312,1
DA:313,1
DA:314,1
DA:315,0
DA:322,2
DA:323,4
DA:324,2
DA:325,7
DA:326,1
DA:327,2
DA:328,1
DA:330,1
DA:331,8
DA:332,1
DA:333,1
DA:335,1
DA:336,1
DA:337,2
DA:338,3
DA:339,0
DA:341,1
DA:342,2
DA:343,3
DA:344,0
DA:346,1
DA:347,1
DA:348,3
DA:349,0
DA:351,1
DA:352,1
DA:355,1
DA:356,4
DA:369,2
DA:370,2
DA:371,2
DA:372,4
DA:373,4
DA:375,4
DA:376,2
DA:377,4
DA:378,4
LF:204
LH:139
end_of_record
SF:lib\widgets\settings_toggle_group.dart
DA:4,5
DA:12,5
DA:23,5
DA:25,5
DA:27,5
DA:28,10
DA:29,5
DA:30,5
DA:31,10
DA:32,10
DA:33,5
DA:34,8
DA:37,5
LF:13
LH:13
end_of_record
SF:lib\utils\locale_format_util.dart
DA:13,68
DA:15,6
DA:17,3
DA:18,3
DA:19,3
DA:20,6
DA:22,6
DA:25,3
DA:26,3
DA:27,3
DA:28,2
DA:30,6
DA:33,3
DA:38,3
DA:39,3
DA:40,3
LF:16
LH:16
end_of_record
SF:lib\services\preferences_service.dart
DA:15,4
DA:31,4
DA:33,4
DA:35,4
DA:41,2
DA:43,4
DA:45,2
DA:51,2
DA:63,2
DA:67,2
DA:69,4
DA:71,2
DA:73,2
DA:75,1
DA:77,2
DA:85,3
DA:87,6
DA:89,2
DA:95,2
DA:101,1
DA:103,1
DA:105,1
DA:107,2
DA:109,3
DA:113,0
DA:119,1
DA:121,1
DA:123,0
DA:125,2
DA:127,1
DA:133,3
DA:135,9
DA:141,8
DA:145,2
DA:149,4
DA:153,4
LF:36
LH:34
end_of_record
SF:lib\theme.dart
DA:8,0
DA:9,6
DA:10,6
DA:12,1
DA:14,3
DA:15,3
DA:18,2
DA:19,4
DA:20,1
DA:23,2
DA:24,4
DA:25,2
DA:26,2
DA:29,2
DA:30,4
DA:31,4
DA:32,1
DA:35,25
DA:40,25
DA:41,25
DA:44,25
DA:45,25
DA:46,25
DA:47,25
DA:49,25
DA:53,25
DA:54,25
DA:55,25
DA:56,25
DA:57,25
DA:58,25
DA:59,50
DA:60,50
DA:63,25
DA:64,75
DA:65,75
DA:66,75
DA:67,75
DA:68,75
LF:39
LH:38
end_of_record
SF:lib\utils\document_preview_util.dart
DA:9,2
DA:16,2
DA:45,2
DA:46,2
DA:47,4
DA:48,4
DA:49,2
DA:52,2
DA:53,2
DA:54,1
DA:55,1
DA:58,2
DA:62,2
DA:63,3
DA:64,4
DA:65,1
DA:66,1
DA:67,4
DA:69,1
DA:70,2
DA:71,2
DA:73,1
DA:75,2
DA:76,2
DA:78,4
DA:83,2
DA:85,4
DA:86,8
DA:87,2
DA:93,1
DA:94,2
DA:95,3
DA:96,2
DA:97,3
DA:98,3
DA:99,5
DA:104,2
DA:105,4
DA:106,6
DA:108,2
DA:109,2
DA:111,1
DA:114,1
DA:116,1
DA:122,2
DA:123,4
DA:126,2
DA:127,4
DA:128,2
DA:129,2
DA:130,6
DA:132,4
DA:133,2
DA:140,4
DA:141,2
DA:148,3
DA:149,3
DA:150,2
DA:158,1
DA:162,1
DA:166,2
DA:167,4
DA:168,2
DA:169,4
DA:172,3
DA:175,3
DA:181,1
DA:182,3
DA:183,1
DA:185,3
DA:186,2
LF:71
LH:71
end_of_record
SF:lib\utils\lookup_display.dart
DA:3,7
DA:4,14
DA:5,7
DA:6,18
DA:7,6
DA:10,8
DA:13,1
DA:14,1
DA:15,2
DA:18,1
DA:21,1
DA:22,1
DA:23,2
DA:26,1
DA:29,1
DA:30,2
DA:31,2
DA:32,1
DA:33,1
DA:39,1
DA:40,2
DA:41,2
DA:42,1
DA:43,1
LF:24
LH:24
end_of_record
SF:lib\utils\status_chip_util.dart
DA:4,13
DA:10,10
DA:11,20
DA:12,5
DA:19,10
DA:26,35
DA:27,10
DA:30,1
DA:33,14
DA:42,20
DA:46,20
DA:47,10
DA:48,10
LF:13
LH:13
end_of_record
SF:lib\app\account_screen.dart
DA:7,2
DA:11,2
DA:12,2
DA:22,2
DA:24,2
DA:25,4
DA:28,2
DA:30,4
DA:31,2
DA:34,2
DA:35,6
DA:36,6
DA:37,6
DA:38,6
DA:39,6
DA:40,2
DA:41,4
DA:42,6
DA:43,2
DA:52,2
DA:54,2
DA:55,6
DA:56,2
DA:57,2
DA:58,2
DA:59,2
DA:60,1
DA:61,4
DA:64,2
DA:65,2
DA:66,2
DA:68,2
DA:69,6
DA:73,2
DA:74,2
DA:76,2
DA:77,2
DA:78,12
DA:80,6
DA:81,2
DA:82,2
DA:83,10
DA:84,4
DA:85,2
DA:86,1
DA:88,6
DA:90,2
DA:91,4
DA:92,4
DA:93,1
DA:94,1
DA:95,2
DA:97,2
DA:98,2
DA:99,2
DA:100,1
DA:101,2
DA:102,1
DA:105,3
DA:106,2
DA:107,3
DA:108,1
DA:111,1
DA:112,4
DA:115,4
DA:117,4
DA:118,1
DA:119,1
DA:120,3
DA:122,5
DA:123,3
DA:124,1
DA:125,3
DA:127,1
DA:128,2
DA:129,3
DA:132,1
DA:133,4
DA:136,2
DA:140,2
DA:141,2
DA:142,8
DA:143,6
DA:145,12
DA:146,2
DA:147,2
DA:148,8
DA:149,6
DA:151,14
DA:152,2
DA:153,2
DA:154,2
DA:155,6
DA:157,2
DA:158,4
DA:159,2
DA:160,6
DA:161,2
DA:162,2
DA:163,2
DA:164,8
DA:168,2
DA:169,1
DA:170,3
DA:171,1
DA:172,2
DA:173,1
DA:174,4
DA:178,4
DA:180,2
DA:181,1
DA:182,3
DA:183,1
DA:184,2
DA:185,5
DA:188,4
DA:190,4
DA:192,2
DA:193,1
DA:195,3
DA:196,2
DA:197,1
DA:198,3
DA:200,1
DA:201,2
DA:202,4
DA:205,0
DA:206,0
DA:209,4
DA:212,2
DA:222,2
DA:238,2
DA:242,2
DA:244,2
DA:245,2
DA:246,2
DA:248,2
DA:250,2
DA:252,2
DA:253,6
DA:254,2
DA:256,2
DA:257,2
DA:258,2
DA:259,6
DA:260,6
DA:261,6
DA:262,6
LF:148
LH:146
end_of_record
SF:lib\app\assistant_screen.dart
DA:7,3
DA:12,3
DA:13,3
DA:21,3
DA:23,6
DA:24,3
DA:27,3
DA:29,3
DA:30,9
DA:31,3
DA:33,6
DA:34,3
DA:36,3
DA:37,3
DA:38,3
DA:39,6
DA:42,9
DA:43,3
DA:44,3
DA:45,3
DA:46,3
DA:47,2
DA:48,4
DA:49,2
DA:50,2
DA:53,10
DA:54,10
DA:56,4
DA:59,6
DA:63,3
DA:64,3
DA:65,1
DA:66,2
DA:67,1
DA:68,1
DA:71,5
DA:72,5
DA:74,0
DA:77,6
DA:82,11
DA:85,3
LF:41
LH:40
end_of_record
SF:lib\app\admin_permissions_screen.dart
DA:8,2
DA:12,2
DA:13,2
DA:21,2
DA:23,2
DA:24,2
DA:27,2
DA:28,4
DA:29,2
DA:30,2
DA:33,6
DA:34,2
DA:35,4
DA:36,2
DA:37,2
DA:40,0
DA:41,0
DA:42,0
DA:43,0
DA:48,2
DA:50,2
DA:53,2
DA:54,0
DA:55,0
DA:57,0
DA:58,0
DA:59,0
DA:65,4
DA:66,2
DA:68,2
DA:69,2
DA:70,8
DA:71,6
DA:74,2
DA:75,4
DA:77,2
DA:78,4
DA:79,2
DA:80,8
DA:82,2
DA:83,2
DA:84,4
DA:86,2
DA:89,2
LF:44
LH:35
end_of_record
SF:lib\app\dashboard_screen.dart
DA:7,3
DA:11,3
DA:12,3
DA:18,3
DA:20,3
DA:21,12
DA:24,3
DA:26,3
DA:27,9
DA:28,3
DA:29,3
DA:30,3
DA:31,3
DA:32,1
DA:33,4
DA:36,3
DA:39,3
DA:40,3
DA:41,3
DA:43,3
DA:45,3
DA:46,3
DA:47,3
DA:48,6
DA:49,3
DA:50,3
DA:52,3
DA:54,3
DA:55,3
DA:56,6
DA:57,9
DA:60,3
DA:61,6
DA:63,10
DA:64,12
LF:35
LH:35
end_of_record
SF:lib\app\notification_screen.dart
DA:7,3
DA:11,3
DA:12,3
DA:24,3
DA:26,3
DA:27,12
DA:28,3
DA:31,3
DA:33,9
DA:34,5
DA:35,3
DA:36,6
DA:37,5
DA:38,3
DA:39,6
DA:40,2
DA:41,1
DA:42,2
DA:47,3
DA:49,6
DA:50,6
DA:51,6
DA:52,3
DA:55,1
DA:56,3
DA:58,3
DA:59,1
DA:60,2
DA:61,2
DA:62,2
DA:64,6
DA:66,4
DA:70,3
DA:72,3
DA:73,9
DA:74,3
DA:76,3
DA:77,3
DA:78,3
DA:79,6
DA:80,18
DA:81,0
DA:82,0
DA:85,3
DA:86,3
DA:87,6
DA:89,3
DA:90,3
DA:91,6
DA:93,3
DA:94,3
DA:95,6
DA:98,9
DA:99,12
DA:100,3
DA:101,3
DA:102,3
DA:103,3
DA:104,3
DA:105,3
DA:106,5
DA:107,3
DA:110,9
DA:111,9
DA:112,9
DA:114,3
LF:66
LH:64
end_of_record
SF:lib\app\report_screen.dart
DA:7,3
DA:11,3
DA:12,3
DA:21,3
DA:23,3
DA:24,12
DA:27,3
DA:28,3
DA:29,2
DA:30,3
DA:32,1
DA:35,2
DA:36,4
DA:37,2
DA:38,8
DA:40,10
DA:41,2
DA:42,6
DA:46,3
DA:48,3
DA:49,9
DA:50,3
DA:51,3
DA:52,3
DA:53,3
DA:54,1
DA:55,4
DA:58,3
DA:61,3
DA:62,3
DA:63,3
DA:65,3
DA:67,3
DA:68,3
DA:70,3
DA:71,3
DA:72,9
DA:73,9
DA:74,9
DA:75,9
DA:76,9
DA:79,3
DA:80,6
DA:81,3
DA:82,12
DA:83,12
DA:84,12
DA:85,9
DA:86,3
DA:87,3
DA:88,8
DA:89,6
DA:95,3
DA:98,3
DA:99,2
DA:101,2
DA:102,14
DA:105,3
DA:106,2
DA:107,2
DA:108,2
DA:109,2
DA:110,2
DA:111,0
DA:113,2
DA:116,2
DA:117,4
DA:118,2
DA:119,3
DA:121,6
DA:122,2
DA:124,2
DA:125,10
DA:127,2
DA:128,4
DA:129,14
DA:132,2
DA:145,2
DA:146,4
DA:147,4
DA:148,2
DA:151,0
LF:82
LH:80
end_of_record
SF:lib\utils\bulk_grid_util.dart
DA:3,2
DA:5,8
DA:6,6
DA:7,2
DA:10,2
DA:11,2
DA:12,2
DA:13,2
DA:15,2
DA:20,2
DA:21,2
DA:22,2
DA:23,6
DA:25,2
DA:27,2
DA:32,2
DA:33,2
DA:34,6
DA:37,2
DA:41,12
DA:44,2
DA:45,4
DA:46,4
DA:47,2
DA:48,12
DA:50,2
DA:53,2
DA:54,2
LF:28
LH:28
end_of_record
SF:lib\app\shell.dart
DA:24,1
DA:38,1
DA:42,1
DA:43,1
DA:57,1
DA:59,1
DA:60,4
DA:61,1
DA:64,0
DA:65,0
DA:66,0
DA:67,0
DA:68,0
DA:69,0
DA:71,0
DA:75,1
DA:77,3
DA:78,3
DA:79,3
DA:80,3
DA:81,1
DA:82,1
DA:83,1
DA:85,3
DA:86,1
DA:87,2
DA:94,1
DA:95,1
DA:96,1
DA:97,2
DA:98,3
DA:99,4
DA:100,2
DA:101,4
DA:102,4
DA:103,2
DA:104,8
DA:105,0
DA:107,1
DA:109,2
DA:110,0
DA:113,0
DA:114,0
DA:115,0
DA:116,0
DA:117,0
DA:119,0
DA:122,2
DA:123,0
DA:124,0
DA:125,0
DA:126,0
DA:128,0
DA:134,1
DA:135,1
DA:136,2
DA:137,1
DA:138,1
DA:139,1
DA:140,1
DA:141,2
DA:145,2
DA:146,2
DA:147,1
DA:148,1
DA:149,2
DA:150,1
DA:151,2
DA:152,1
DA:160,1
DA:162,1
DA:164,1
DA:166,1
DA:168,1
DA:170,1
DA:172,1
DA:174,1
DA:176,1
DA:178,1
DA:180,1
DA:182,1
DA:185,1
DA:192,1
DA:193,2
DA:194,3
DA:196,0
DA:199,1
DA:200,1
DA:201,1
DA:202,1
DA:203,2
DA:204,0
DA:206,1
DA:207,3
DA:208,1
DA:209,3
DA:210,1
DA:211,3
DA:212,1
DA:213,3
DA:214,1
DA:215,4
DA:216,1
DA:217,3
DA:218,1
DA:219,3
DA:220,1
DA:221,3
DA:222,1
DA:223,3
DA:224,1
DA:225,1
DA:226,2
DA:227,1
DA:233,2
DA:234,3
DA:235,2
DA:236,1
DA:237,2
DA:240,0
DA:243,0
DA:246,1
DA:247,3
DA:248,4
DA:249,3
DA:253,1
DA:254,2
DA:255,1
DA:257,2
DA:258,3
DA:259,1
DA:260,1
DA:261,1
DA:262,1
DA:263,1
DA:264,2
DA:265,1
DA:266,1
DA:268,1
DA:270,4
DA:278,1
DA:279,1
DA:280,2
DA:281,2
DA:282,3
DA:283,3
DA:290,1
DA:291,1
DA:292,1
DA:293,1
DA:294,1
DA:296,1
DA:297,1
DA:298,5
DA:299,1
DA:301,6
DA:304,1
DA:311,1
DA:312,2
DA:313,1
DA:314,1
DA:315,1
DA:316,2
DA:317,1
DA:318,1
DA:319,1
DA:322,1
DA:324,1
DA:325,1
DA:327,1
DA:328,5
DA:330,1
DA:331,2
DA:332,1
DA:333,1
DA:334,1
DA:335,1
DA:336,1
DA:337,1
DA:338,2
DA:339,1
DA:340,1
DA:342,1
DA:343,1
DA:347,4
DA:351,3
DA:358,1
DA:359,2
DA:360,1
DA:362,1
DA:363,2
DA:364,1
DA:366,4
DA:367,1
DA:368,1
DA:369,4
DA:376,1
DA:378,3
DA:379,1
DA:380,1
DA:381,1
DA:387,1
DA:388,1
DA:389,1
DA:390,2
DA:391,1
DA:392,1
DA:393,1
DA:394,1
DA:395,2
DA:396,1
DA:397,1
DA:398,1
DA:400,2
DA:401,2
DA:402,3
DA:403,3
DA:404,3
DA:407,1
DA:408,1
DA:409,1
DA:410,1
DA:411,1
DA:412,2
DA:417,1
DA:418,1
DA:419,1
DA:420,1
DA:422,1
DA:423,1
DA:424,1
DA:431,1
DA:432,1
DA:433,1
DA:434,1
DA:435,1
DA:437,1
DA:438,1
DA:439,3
DA:440,1
DA:441,1
DA:442,3
DA:443,3
DA:445,1
DA:446,1
DA:447,1
DA:448,5
DA:450,3
DA:451,1
DA:452,1
DA:453,1
DA:454,1
DA:455,2
DA:456,2
DA:457,3
DA:460,1
DA:461,1
DA:463,3
DA:464,3
DA:471,1
DA:472,1
DA:473,1
DA:474,1
DA:475,4
DA:476,1
DA:492,1
DA:497,1
DA:498,1
DA:509,1
DA:511,1
DA:512,2
DA:513,2
DA:515,1
DA:518,1
DA:520,3
DA:521,1
DA:522,2
DA:523,1
DA:524,1
DA:525,3
DA:526,0
DA:530,0
DA:531,0
DA:532,0
DA:533,0
DA:538,1
DA:540,2
DA:541,2
DA:542,1
DA:545,1
DA:546,1
DA:547,1
DA:548,1
DA:551,0
DA:552,0
DA:553,0
DA:554,0
DA:556,0
DA:557,0
DA:558,0
DA:559,0
DA:563,0
DA:564,0
DA:565,0
DA:566,0
DA:567,0
DA:568,0
DA:570,0
DA:574,1
DA:576,1
DA:577,3
DA:578,1
DA:579,3
DA:580,1
DA:581,1
DA:582,1
DA:583,1
DA:584,3
DA:587,1
DA:588,2
DA:589,1
DA:590,1
DA:593,1
DA:594,1
DA:595,1
DA:596,2
DA:597,2
DA:598,0
DA:599,0
DA:600,0
DA:606,3
DA:607,1
DA:608,1
DA:609,2
DA:611,1
DA:612,1
DA:613,2
DA:617,1
DA:618,0
DA:620,0
DA:621,0
DA:623,0
DA:626,2
DA:628,0
DA:629,0
DA:631,0
DA:632,0
DA:634,0
DA:635,0
DA:638,0
DA:639,0
DA:641,0
DA:644,0
DA:648,2
DA:650,6
LF:355
LH:294
end_of_record
SF:lib\utils\material_icon_util.dart
DA:5,2
DA:6,2
DA:9,2
LF:3
LH:3
end_of_record
SF:lib\app\workflow_inbox_screen.dart
DA:11,2
DA:20,2
DA:21,2
DA:34,2
DA:36,2
DA:37,6
DA:38,2
DA:41,2
DA:43,6
DA:44,2
DA:47,1
DA:48,3
DA:51,2
DA:52,4
DA:53,2
DA:54,2
DA:57,6
DA:58,2
DA:59,4
DA:60,2
DA:61,2
DA:64,1
DA:65,2
DA:66,2
DA:67,1
DA:68,2
DA:73,2
DA:74,6
DA:75,4
DA:76,4
DA:77,6
DA:78,4
DA:80,2
DA:83,2
DA:84,22
DA:87,2
DA:88,22
DA:91,1
DA:93,3
DA:94,1
DA:95,2
DA:96,4
DA:98,1
DA:100,0
DA:101,0
DA:105,1
DA:106,1
DA:107,1
DA:108,1
DA:109,2
DA:110,2
DA:111,2
DA:112,1
DA:113,3
DA:114,4
DA:118,1
DA:121,1
DA:122,1
DA:123,2
DA:124,1
DA:125,1
DA:128,3
DA:129,1
DA:131,0
DA:133,4
DA:137,1
DA:138,1
DA:139,1
DA:140,1
DA:141,1
DA:142,1
DA:143,2
DA:144,1
DA:146,2
DA:148,1
DA:149,3
DA:150,6
DA:155,1
DA:156,2
DA:157,1
DA:158,1
DA:161,4
DA:162,1
DA:164,0
DA:166,4
DA:170,1
DA:172,3
DA:173,1
DA:174,3
DA:176,0
DA:177,0
DA:181,1
DA:182,3
DA:185,1
DA:186,3
DA:189,0
DA:190,0
DA:193,2
DA:194,4
DA:195,2
DA:196,2
DA:197,2
DA:198,4
DA:201,4
DA:202,2
DA:203,2
DA:204,2
DA:205,4
DA:209,2
DA:210,2
DA:211,2
DA:212,2
DA:213,4
DA:220,2
DA:221,2
DA:222,2
DA:223,2
DA:224,0
DA:225,0
DA:226,0
DA:227,0
DA:228,0
DA:233,2
DA:234,2
DA:235,2
DA:236,2
DA:237,0
DA:238,0
DA:239,0
DA:240,0
DA:241,0
DA:246,2
DA:247,4
DA:248,8
DA:250,0
DA:254,0
DA:255,0
DA:257,0
DA:258,0
DA:259,0
DA:260,0
DA:261,0
DA:262,0
DA:268,2
DA:269,2
DA:270,1
DA:271,1
DA:272,3
DA:274,1
DA:276,1
DA:278,1
DA:280,1
DA:281,6
DA:283,1
DA:284,2
DA:286,1
DA:288,1
DA:289,7
DA:290,3
DA:295,4
DA:302,2
DA:304,2
DA:305,2
DA:306,4
DA:307,2
DA:308,10
DA:309,4
DA:312,2
DA:313,6
DA:314,4
DA:315,1
DA:316,1
DA:318,1
DA:319,6
DA:320,4
DA:324,2
DA:326,2
DA:327,2
DA:328,0
DA:330,0
DA:332,2
DA:333,1
DA:335,2
DA:337,4
DA:338,0
DA:339,2
DA:340,2
DA:341,2
DA:342,2
DA:343,2
DA:344,5
DA:345,4
DA:346,2
DA:347,6
DA:348,12
DA:350,4
DA:354,2
DA:355,2
DA:356,4
DA:357,4
DA:358,2
DA:359,6
DA:360,10
DA:362,0
DA:368,4
DA:369,6
DA:370,4
DA:371,4
DA:372,4
DA:373,4
DA:374,4
DA:375,2
DA:376,2
DA:377,2
DA:379,2
DA:381,2
DA:382,2
DA:384,2
DA:385,2
DA:386,2
DA:387,4
DA:388,6
DA:391,2
DA:392,4
DA:397,4
DA:398,2
DA:399,2
DA:404,2
DA:405,4
DA:408,2
DA:409,2
DA:410,8
DA:411,2
DA:414,2
DA:415,2
DA:416,10
DA:418,2
DA:419,2
DA:420,2
DA:421,2
DA:426,4
DA:433,2
LF:242
LH:211
end_of_record
SF:lib\utils\workflow_detail_util.dart
DA:6,2
DA:13,2
DA:27,2
DA:28,4
DA:29,2
DA:30,4
DA:32,4
DA:33,2
DA:34,2
DA:35,4
DA:36,2
DA:37,2
DA:38,2
DA:39,6
DA:40,4
DA:41,2
DA:43,2
DA:46,3
DA:48,3
DA:49,1
DA:50,3
DA:51,3
DA:52,3
DA:53,2
DA:59,3
DA:60,3
DA:61,3
DA:65,6
LF:28
LH:28
end_of_record
SF:lib\utils\workflow_sla_util.dart
DA:3,3
DA:4,3
DA:7,3
DA:11,4
DA:12,9
DA:13,3
DA:16,1
LF:7
LH:7
end_of_record
SF:lib\utils\workflow_state_util.dart
DA:4,4
DA:5,4
DA:6,4
DA:7,1
DA:9,4
DA:10,4
DA:11,4
LF:7
LH:7
end_of_record
